2025-06-01 01:50:49.227 INFO  service.InventoryServiceApplicationTests [main] Starting InventoryServiceApplicationTests using Java 17.0.9 with PID 13816 (started by brandon.silva in C:\Users\brandon.silva\Desktop\microservices-json-api\inventory-service)
2025-06-01 01:50:49.232 INFO  service.InventoryServiceApplicationTests [main] No active profile set, falling back to 1 default profile: "default"
2025-06-01 01:50:54.848 INFO  y.config.RepositoryConfigurationDelegate [main] Bootstrapping Spring Data JPA repositories in DEFAULT mode.
2025-06-01 01:50:54.915 INFO  y.config.RepositoryConfigurationDelegate [main] Finished Spring Data repository scanning in 35 ms. Found 0 JPA repository interfaces.
2025-06-01 01:50:55.513 INFO  amework.cloud.context.scope.GenericScope [main] BeanFactory id=7b97d5eb-c8ac-33e0-bfe7-ad53fcb1a218
2025-06-01 01:50:57.246 INFO  rg.hibernate.jpa.internal.util.LogHelper [main] HHH000204: Processing PersistenceUnitInfo [name: default]
2025-06-01 01:50:57.540 INFO  org.hibernate.Version                    [main] HHH000412: Hibernate ORM core version 6.6.15.Final
2025-06-01 01:50:57.680 INFO  te.cache.internal.RegionFactoryInitiator [main] HHH000026: Second-level cache disabled
2025-06-01 01:50:58.985 INFO  ersistenceunit.SpringPersistenceUnitInfo [main] No LoadTimeWeaver setup: ignoring JPA class transformer
2025-06-01 01:50:59.097 INFO  com.zaxxer.hikari.HikariDataSource       [main] HikariPool-1 - Starting...
2025-06-01 01:50:59.734 INFO  com.zaxxer.hikari.pool.HikariPool        [main] HikariPool-1 - Added connection org.postgresql.jdbc.PgConnection@2b15ba1a
2025-06-01 01:50:59.739 INFO  com.zaxxer.hikari.HikariDataSource       [main] HikariPool-1 - Start completed.
2025-06-01 01:50:59.848 WARN  org.hibernate.orm.deprecation            [main] HHH90000025: PostgreSQLDialect does not need to be specified explicitly using 'hibernate.dialect' (remove the property setting and it will be selected by default)
2025-06-01 01:50:59.998 INFO  org.hibernate.orm.connections.pooling    [main] HHH10001005: Database info:
	Database JDBC URL [Connecting through datasource 'HikariDataSource (HikariPool-1)']
	Database driver: undefined/unknown
	Database version: 16.0
	Autocommit mode: undefined/unknown
	Isolation level: undefined/unknown
	Minimum pool size: undefined/unknown
	Maximum pool size: undefined/unknown
2025-06-01 01:51:01.301 INFO  a.platform.internal.JtaPlatformInitiator [main] HHH000489: No JTA platform available (set 'hibernate.transaction.jta.platform' to enable JTA platform integration)
2025-06-01 01:51:01.320 INFO  a.LocalContainerEntityManagerFactoryBean [main] Initialized JPA EntityManagerFactory for persistence unit 'default'
2025-06-01 01:51:02.345 WARN  JpaBaseConfiguration$JpaWebConfiguration [main] spring.jpa.open-in-view is enabled by default. Therefore, database queries may be performed during view rendering. Explicitly configure spring.jpa.open-in-view to disable this warning
2025-06-01 01:51:02.579 INFO  nvalidation.OptionalValidatorFactoryBean [main] Failed to set up a Bean Validation provider: jakarta.validation.NoProviderFoundException: Unable to create a Configuration, because no Jakarta Bean Validation provider could be found. Add a provider like Hibernate Validator (RI) to your classpath.
2025-06-01 01:51:05.037 INFO  ngframework.cloud.commons.util.InetUtils [main] Cannot determine local hostname
2025-06-01 01:51:06.095 WARN  vlet.UserDetailsServiceAutoConfiguration [main] 

Using generated security password: 1ec4fbaa-5f6f-4ae0-9e31-e191f3b3963e

This generated password is for development use only. Your security configuration must be updated before running your application in production.

2025-06-01 01:51:06.118 INFO  r$InitializeUserDetailsManagerConfigurer [main] Global AuthenticationManager configured with UserDetailsService bean with name inMemoryUserDetailsManager
2025-06-01 01:51:06.657 INFO  tuate.endpoint.web.EndpointLinksResolver [main] Exposing 16 endpoints beneath base path '/actuator'
2025-06-01 01:51:08.176 INFO  ngframework.cloud.commons.util.InetUtils [main] Cannot determine local hostname
2025-06-01 01:51:08.711 INFO  service.InventoryServiceApplicationTests [main] Started InventoryServiceApplicationTests in 22.187 seconds (process running for 25.792)
2025-06-01 01:51:10.952 INFO  a.LocalContainerEntityManagerFactoryBean [SpringApplicationShutdownHook] Closing JPA EntityManagerFactory for persistence unit 'default'
2025-06-01 01:51:10.957 INFO  com.zaxxer.hikari.HikariDataSource       [SpringApplicationShutdownHook] HikariPool-1 - Shutdown initiated...
2025-06-01 01:51:10.977 INFO  com.zaxxer.hikari.HikariDataSource       [SpringApplicationShutdownHook] HikariPool-1 - Shutdown completed.
