2025-06-01 01:44:06.442 INFO  t_service.ProductServiceApplicationTests [main] Starting ProductServiceApplicationTests using Java 17.0.9 with PID 18596 (started by brandon.silva in C:\Users\brandon.silva\Desktop\microservices-json-api\product-service)
2025-06-01 01:44:06.675 INFO  t_service.ProductServiceApplicationTests [main] No active profile set, falling back to 1 default profile: "default"
2025-06-01 01:44:11.900 INFO  y.config.RepositoryConfigurationDelegate [main] Bootstrapping Spring Data JPA repositories in DEFAULT mode.
2025-06-01 01:44:12.171 INFO  y.config.RepositoryConfigurationDelegate [main] Finished Spring Data repository scanning in 230 ms. Found 1 JPA repository interface.
2025-06-01 01:44:12.976 INFO  amework.cloud.context.scope.GenericScope [main] BeanFactory id=23c2c55d-57bf-3d3f-b93d-c9b135765bad
2025-06-01 01:44:15.417 INFO  rg.hibernate.jpa.internal.util.LogHelper [main] HHH000204: Processing PersistenceUnitInfo [name: default]
2025-06-01 01:44:15.723 INFO  org.hibernate.Version                    [main] HHH000412: Hibernate ORM core version 6.6.15.Final
2025-06-01 01:44:16.003 INFO  te.cache.internal.RegionFactoryInitiator [main] HHH000026: Second-level cache disabled
2025-06-01 01:44:17.769 INFO  ersistenceunit.SpringPersistenceUnitInfo [main] No LoadTimeWeaver setup: ignoring JPA class transformer
2025-06-01 01:44:17.839 INFO  com.zaxxer.hikari.HikariDataSource       [main] HikariPool-1 - Starting...
2025-06-01 01:44:18.268 INFO  com.zaxxer.hikari.pool.HikariPool        [main] HikariPool-1 - Added connection org.postgresql.jdbc.PgConnection@39840986
2025-06-01 01:44:18.275 INFO  com.zaxxer.hikari.HikariDataSource       [main] HikariPool-1 - Start completed.
2025-06-01 01:44:18.372 WARN  org.hibernate.orm.deprecation            [main] HHH90000025: PostgreSQLDialect does not need to be specified explicitly using 'hibernate.dialect' (remove the property setting and it will be selected by default)
2025-06-01 01:44:18.454 INFO  org.hibernate.orm.connections.pooling    [main] HHH10001005: Database info:
	Database JDBC URL [Connecting through datasource 'HikariDataSource (HikariPool-1)']
	Database driver: undefined/unknown
	Database version: 16.0
	Autocommit mode: undefined/unknown
	Isolation level: undefined/unknown
	Minimum pool size: undefined/unknown
	Maximum pool size: undefined/unknown
2025-06-01 01:44:20.948 INFO  a.platform.internal.JtaPlatformInitiator [main] HHH000489: No JTA platform available (set 'hibernate.transaction.jta.platform' to enable JTA platform integration)
2025-06-01 01:44:21.061 INFO  a.LocalContainerEntityManagerFactoryBean [main] Initialized JPA EntityManagerFactory for persistence unit 'default'
2025-06-01 01:44:22.766 WARN  JpaBaseConfiguration$JpaWebConfiguration [main] spring.jpa.open-in-view is enabled by default. Therefore, database queries may be performed during view rendering. Explicitly configure spring.jpa.open-in-view to disable this warning
2025-06-01 01:44:22.905 INFO  nvalidation.OptionalValidatorFactoryBean [main] Failed to set up a Bean Validation provider: jakarta.validation.NoProviderFoundException: Unable to create a Configuration, because no Jakarta Bean Validation provider could be found. Add a provider like Hibernate Validator (RI) to your classpath.
2025-06-01 01:44:26.737 INFO  ngframework.cloud.commons.util.InetUtils [main] Cannot determine local hostname
2025-06-01 01:44:26.798 INFO  tuate.endpoint.web.EndpointLinksResolver [main] Exposing 16 endpoints beneath base path '/actuator'
2025-06-01 01:44:27.016 INFO  t_service.ProductServiceApplicationTests [main] Started ProductServiceApplicationTests in 23.578 seconds (process running for 27.478)
2025-06-01 01:44:28.952 INFO  a.LocalContainerEntityManagerFactoryBean [SpringApplicationShutdownHook] Closing JPA EntityManagerFactory for persistence unit 'default'
2025-06-01 01:44:28.962 INFO  com.zaxxer.hikari.HikariDataSource       [SpringApplicationShutdownHook] HikariPool-1 - Shutdown initiated...
2025-06-01 01:44:29.032 INFO  com.zaxxer.hikari.HikariDataSource       [SpringApplicationShutdownHook] HikariPool-1 - Shutdown completed.
2025-06-01 01:50:13.991 INFO  t_service.ProductServiceApplicationTests [main] Starting ProductServiceApplicationTests using Java 17.0.9 with PID 15924 (started by brandon.silva in C:\Users\brandon.silva\Desktop\microservices-json-api\product-service)
2025-06-01 01:50:14.033 INFO  t_service.ProductServiceApplicationTests [main] No active profile set, falling back to 1 default profile: "default"
2025-06-01 01:50:17.591 INFO  y.config.RepositoryConfigurationDelegate [main] Bootstrapping Spring Data JPA repositories in DEFAULT mode.
2025-06-01 01:50:17.744 INFO  y.config.RepositoryConfigurationDelegate [main] Finished Spring Data repository scanning in 126 ms. Found 1 JPA repository interface.
2025-06-01 01:50:18.252 INFO  amework.cloud.context.scope.GenericScope [main] BeanFactory id=23c2c55d-57bf-3d3f-b93d-c9b135765bad
2025-06-01 01:50:19.517 INFO  rg.hibernate.jpa.internal.util.LogHelper [main] HHH000204: Processing PersistenceUnitInfo [name: default]
2025-06-01 01:50:19.761 INFO  org.hibernate.Version                    [main] HHH000412: Hibernate ORM core version 6.6.15.Final
2025-06-01 01:50:19.895 INFO  te.cache.internal.RegionFactoryInitiator [main] HHH000026: Second-level cache disabled
2025-06-01 01:50:21.098 INFO  ersistenceunit.SpringPersistenceUnitInfo [main] No LoadTimeWeaver setup: ignoring JPA class transformer
2025-06-01 01:50:21.254 INFO  com.zaxxer.hikari.HikariDataSource       [main] HikariPool-1 - Starting...
2025-06-01 01:50:21.725 INFO  com.zaxxer.hikari.pool.HikariPool        [main] HikariPool-1 - Added connection org.postgresql.jdbc.PgConnection@233ece92
2025-06-01 01:50:21.729 INFO  com.zaxxer.hikari.HikariDataSource       [main] HikariPool-1 - Start completed.
2025-06-01 01:50:21.827 WARN  org.hibernate.orm.deprecation            [main] HHH90000025: PostgreSQLDialect does not need to be specified explicitly using 'hibernate.dialect' (remove the property setting and it will be selected by default)
2025-06-01 01:50:21.929 INFO  org.hibernate.orm.connections.pooling    [main] HHH10001005: Database info:
	Database JDBC URL [Connecting through datasource 'HikariDataSource (HikariPool-1)']
	Database driver: undefined/unknown
	Database version: 16.0
	Autocommit mode: undefined/unknown
	Isolation level: undefined/unknown
	Minimum pool size: undefined/unknown
	Maximum pool size: undefined/unknown
2025-06-01 01:50:24.914 INFO  a.platform.internal.JtaPlatformInitiator [main] HHH000489: No JTA platform available (set 'hibernate.transaction.jta.platform' to enable JTA platform integration)
2025-06-01 01:50:25.044 INFO  a.LocalContainerEntityManagerFactoryBean [main] Initialized JPA EntityManagerFactory for persistence unit 'default'
2025-06-01 01:50:26.565 WARN  JpaBaseConfiguration$JpaWebConfiguration [main] spring.jpa.open-in-view is enabled by default. Therefore, database queries may be performed during view rendering. Explicitly configure spring.jpa.open-in-view to disable this warning
2025-06-01 01:50:26.736 INFO  nvalidation.OptionalValidatorFactoryBean [main] Failed to set up a Bean Validation provider: jakarta.validation.NoProviderFoundException: Unable to create a Configuration, because no Jakarta Bean Validation provider could be found. Add a provider like Hibernate Validator (RI) to your classpath.
2025-06-01 01:50:29.770 INFO  ngframework.cloud.commons.util.InetUtils [main] Cannot determine local hostname
2025-06-01 01:50:29.853 INFO  tuate.endpoint.web.EndpointLinksResolver [main] Exposing 16 endpoints beneath base path '/actuator'
2025-06-01 01:50:30.117 INFO  t_service.ProductServiceApplicationTests [main] Started ProductServiceApplicationTests in 19.117 seconds (process running for 23.311)
2025-06-01 01:50:31.517 INFO  a.LocalContainerEntityManagerFactoryBean [SpringApplicationShutdownHook] Closing JPA EntityManagerFactory for persistence unit 'default'
2025-06-01 01:50:31.524 INFO  com.zaxxer.hikari.HikariDataSource       [SpringApplicationShutdownHook] HikariPool-1 - Shutdown initiated...
2025-06-01 01:50:31.550 INFO  com.zaxxer.hikari.HikariDataSource       [SpringApplicationShutdownHook] HikariPool-1 - Shutdown completed.
