{"timestamp":"2025-06-01T01:44:06.4428647-05:00","@version":"1","message":"Starting ProductServiceApplicationTests using Java 17.0.9 with PID 18596 (started by brandon.silva in C:\\Users\\brandon.silva\\Desktop\\microservices-json-api\\product-service)","logger":"com.nicholassr.product_service.ProductServiceApplicationTests","thread":"main","level":"INFO","level_value":20000}
{"timestamp":"2025-06-01T01:44:06.6757206-05:00","@version":"1","message":"No active profile set, falling back to 1 default profile: \"default\"","logger":"com.nicholassr.product_service.ProductServiceApplicationTests","thread":"main","level":"INFO","level_value":20000}
{"timestamp":"2025-06-01T01:44:11.9003594-05:00","@version":"1","message":"Bootstrapping Spring Data JPA repositories in DEFAULT mode.","logger":"org.springframework.data.repository.config.RepositoryConfigurationDelegate","thread":"main","level":"INFO","level_value":20000}
{"timestamp":"2025-06-01T01:44:12.1713253-05:00","@version":"1","message":"Finished Spring Data repository scanning in 230 ms. Found 1 JPA repository interface.","logger":"org.springframework.data.repository.config.RepositoryConfigurationDelegate","thread":"main","level":"INFO","level_value":20000}
{"timestamp":"2025-06-01T01:44:12.9764241-05:00","@version":"1","message":"BeanFactory id=23c2c55d-57bf-3d3f-b93d-c9b135765bad","logger":"org.springframework.cloud.context.scope.GenericScope","thread":"main","level":"INFO","level_value":20000}
{"timestamp":"2025-06-01T01:44:15.4172041-05:00","@version":"1","message":"HHH000204: Processing PersistenceUnitInfo [name: default]","logger":"org.hibernate.jpa.internal.util.LogHelper","thread":"main","level":"INFO","level_value":20000}
{"timestamp":"2025-06-01T01:44:15.7231892-05:00","@version":"1","message":"HHH000412: Hibernate ORM core version 6.6.15.Final","logger":"org.hibernate.Version","thread":"main","level":"INFO","level_value":20000}
{"timestamp":"2025-06-01T01:44:16.0031873-05:00","@version":"1","message":"HHH000026: Second-level cache disabled","logger":"org.hibernate.cache.internal.RegionFactoryInitiator","thread":"main","level":"INFO","level_value":20000}
{"timestamp":"2025-06-01T01:44:17.769655-05:00","@version":"1","message":"No LoadTimeWeaver setup: ignoring JPA class transformer","logger":"org.springframework.orm.jpa.persistenceunit.SpringPersistenceUnitInfo","thread":"main","level":"INFO","level_value":20000}
{"timestamp":"2025-06-01T01:44:17.8396123-05:00","@version":"1","message":"HikariPool-1 - Starting...","logger":"com.zaxxer.hikari.HikariDataSource","thread":"main","level":"INFO","level_value":20000}
{"timestamp":"2025-06-01T01:44:18.268857-05:00","@version":"1","message":"HikariPool-1 - Added connection org.postgresql.jdbc.PgConnection@39840986","logger":"com.zaxxer.hikari.pool.HikariPool","thread":"main","level":"INFO","level_value":20000}
{"timestamp":"2025-06-01T01:44:18.2758535-05:00","@version":"1","message":"HikariPool-1 - Start completed.","logger":"com.zaxxer.hikari.HikariDataSource","thread":"main","level":"INFO","level_value":20000}
{"timestamp":"2025-06-01T01:44:18.3727955-05:00","@version":"1","message":"HHH90000025: PostgreSQLDialect does not need to be specified explicitly using 'hibernate.dialect' (remove the property setting and it will be selected by default)","logger":"org.hibernate.orm.deprecation","thread":"main","level":"WARN","level_value":30000}
{"timestamp":"2025-06-01T01:44:18.4547434-05:00","@version":"1","message":"HHH10001005: Database info:\n\tDatabase JDBC URL [Connecting through datasource 'HikariDataSource (HikariPool-1)']\n\tDatabase driver: undefined/unknown\n\tDatabase version: 16.0\n\tAutocommit mode: undefined/unknown\n\tIsolation level: undefined/unknown\n\tMinimum pool size: undefined/unknown\n\tMaximum pool size: undefined/unknown","logger":"org.hibernate.orm.connections.pooling","thread":"main","level":"INFO","level_value":20000}
{"timestamp":"2025-06-01T01:44:20.9485021-05:00","@version":"1","message":"HHH000489: No JTA platform available (set 'hibernate.transaction.jta.platform' to enable JTA platform integration)","logger":"org.hibernate.engine.transaction.jta.platform.internal.JtaPlatformInitiator","thread":"main","level":"INFO","level_value":20000}
{"timestamp":"2025-06-01T01:44:21.0614294-05:00","@version":"1","message":"Initialized JPA EntityManagerFactory for persistence unit 'default'","logger":"org.springframework.orm.jpa.LocalContainerEntityManagerFactoryBean","thread":"main","level":"INFO","level_value":20000}
{"timestamp":"2025-06-01T01:44:22.7664078-05:00","@version":"1","message":"spring.jpa.open-in-view is enabled by default. Therefore, database queries may be performed during view rendering. Explicitly configure spring.jpa.open-in-view to disable this warning","logger":"org.springframework.boot.autoconfigure.orm.jpa.JpaBaseConfiguration$JpaWebConfiguration","thread":"main","level":"WARN","level_value":30000}
{"timestamp":"2025-06-01T01:44:22.905323-05:00","@version":"1","message":"Failed to set up a Bean Validation provider: jakarta.validation.NoProviderFoundException: Unable to create a Configuration, because no Jakarta Bean Validation provider could be found. Add a provider like Hibernate Validator (RI) to your classpath.","logger":"org.springframework.validation.beanvalidation.OptionalValidatorFactoryBean","thread":"main","level":"INFO","level_value":20000}
{"timestamp":"2025-06-01T01:44:26.7379709-05:00","@version":"1","message":"Cannot determine local hostname","logger":"org.springframework.cloud.commons.util.InetUtils","thread":"main","level":"INFO","level_value":20000}
{"timestamp":"2025-06-01T01:44:26.798932-05:00","@version":"1","message":"Exposing 16 endpoints beneath base path '/actuator'","logger":"org.springframework.boot.actuate.endpoint.web.EndpointLinksResolver","thread":"main","level":"INFO","level_value":20000}
{"timestamp":"2025-06-01T01:44:27.0167975-05:00","@version":"1","message":"Started ProductServiceApplicationTests in 23.578 seconds (process running for 27.478)","logger":"com.nicholassr.product_service.ProductServiceApplicationTests","thread":"main","level":"INFO","level_value":20000}
{"timestamp":"2025-06-01T01:44:28.9523846-05:00","@version":"1","message":"Closing JPA EntityManagerFactory for persistence unit 'default'","logger":"org.springframework.orm.jpa.LocalContainerEntityManagerFactoryBean","thread":"SpringApplicationShutdownHook","level":"INFO","level_value":20000}
{"timestamp":"2025-06-01T01:44:28.9624191-05:00","@version":"1","message":"HikariPool-1 - Shutdown initiated...","logger":"com.zaxxer.hikari.HikariDataSource","thread":"SpringApplicationShutdownHook","level":"INFO","level_value":20000}
{"timestamp":"2025-06-01T01:44:29.0324156-05:00","@version":"1","message":"HikariPool-1 - Shutdown completed.","logger":"com.zaxxer.hikari.HikariDataSource","thread":"SpringApplicationShutdownHook","level":"INFO","level_value":20000}
{"timestamp":"2025-06-01T01:50:13.9914901-05:00","@version":"1","message":"Starting ProductServiceApplicationTests using Java 17.0.9 with PID 15924 (started by brandon.silva in C:\\Users\\brandon.silva\\Desktop\\microservices-json-api\\product-service)","logger":"com.nicholassr.product_service.ProductServiceApplicationTests","thread":"main","level":"INFO","level_value":20000}
{"timestamp":"2025-06-01T01:50:14.0334638-05:00","@version":"1","message":"No active profile set, falling back to 1 default profile: \"default\"","logger":"com.nicholassr.product_service.ProductServiceApplicationTests","thread":"main","level":"INFO","level_value":20000}
{"timestamp":"2025-06-01T01:50:17.5912924-05:00","@version":"1","message":"Bootstrapping Spring Data JPA repositories in DEFAULT mode.","logger":"org.springframework.data.repository.config.RepositoryConfigurationDelegate","thread":"main","level":"INFO","level_value":20000}
{"timestamp":"2025-06-01T01:50:17.7441969-05:00","@version":"1","message":"Finished Spring Data repository scanning in 126 ms. Found 1 JPA repository interface.","logger":"org.springframework.data.repository.config.RepositoryConfigurationDelegate","thread":"main","level":"INFO","level_value":20000}
{"timestamp":"2025-06-01T01:50:18.2524023-05:00","@version":"1","message":"BeanFactory id=23c2c55d-57bf-3d3f-b93d-c9b135765bad","logger":"org.springframework.cloud.context.scope.GenericScope","thread":"main","level":"INFO","level_value":20000}
{"timestamp":"2025-06-01T01:50:19.5171029-05:00","@version":"1","message":"HHH000204: Processing PersistenceUnitInfo [name: default]","logger":"org.hibernate.jpa.internal.util.LogHelper","thread":"main","level":"INFO","level_value":20000}
{"timestamp":"2025-06-01T01:50:19.7619514-05:00","@version":"1","message":"HHH000412: Hibernate ORM core version 6.6.15.Final","logger":"org.hibernate.Version","thread":"main","level":"INFO","level_value":20000}
{"timestamp":"2025-06-01T01:50:19.8958679-05:00","@version":"1","message":"HHH000026: Second-level cache disabled","logger":"org.hibernate.cache.internal.RegionFactoryInitiator","thread":"main","level":"INFO","level_value":20000}
{"timestamp":"2025-06-01T01:50:21.0982038-05:00","@version":"1","message":"No LoadTimeWeaver setup: ignoring JPA class transformer","logger":"org.springframework.orm.jpa.persistenceunit.SpringPersistenceUnitInfo","thread":"main","level":"INFO","level_value":20000}
{"timestamp":"2025-06-01T01:50:21.2541105-05:00","@version":"1","message":"HikariPool-1 - Starting...","logger":"com.zaxxer.hikari.HikariDataSource","thread":"main","level":"INFO","level_value":20000}
{"timestamp":"2025-06-01T01:50:21.7253324-05:00","@version":"1","message":"HikariPool-1 - Added connection org.postgresql.jdbc.PgConnection@233ece92","logger":"com.zaxxer.hikari.pool.HikariPool","thread":"main","level":"INFO","level_value":20000}
{"timestamp":"2025-06-01T01:50:21.7293314-05:00","@version":"1","message":"HikariPool-1 - Start completed.","logger":"com.zaxxer.hikari.HikariDataSource","thread":"main","level":"INFO","level_value":20000}
{"timestamp":"2025-06-01T01:50:21.8272698-05:00","@version":"1","message":"HHH90000025: PostgreSQLDialect does not need to be specified explicitly using 'hibernate.dialect' (remove the property setting and it will be selected by default)","logger":"org.hibernate.orm.deprecation","thread":"main","level":"WARN","level_value":30000}
{"timestamp":"2025-06-01T01:50:21.9292078-05:00","@version":"1","message":"HHH10001005: Database info:\n\tDatabase JDBC URL [Connecting through datasource 'HikariDataSource (HikariPool-1)']\n\tDatabase driver: undefined/unknown\n\tDatabase version: 16.0\n\tAutocommit mode: undefined/unknown\n\tIsolation level: undefined/unknown\n\tMinimum pool size: undefined/unknown\n\tMaximum pool size: undefined/unknown","logger":"org.hibernate.orm.connections.pooling","thread":"main","level":"INFO","level_value":20000}
{"timestamp":"2025-06-01T01:50:24.9149424-05:00","@version":"1","message":"HHH000489: No JTA platform available (set 'hibernate.transaction.jta.platform' to enable JTA platform integration)","logger":"org.hibernate.engine.transaction.jta.platform.internal.JtaPlatformInitiator","thread":"main","level":"INFO","level_value":20000}
{"timestamp":"2025-06-01T01:50:25.0448645-05:00","@version":"1","message":"Initialized JPA EntityManagerFactory for persistence unit 'default'","logger":"org.springframework.orm.jpa.LocalContainerEntityManagerFactoryBean","thread":"main","level":"INFO","level_value":20000}
{"timestamp":"2025-06-01T01:50:26.5655183-05:00","@version":"1","message":"spring.jpa.open-in-view is enabled by default. Therefore, database queries may be performed during view rendering. Explicitly configure spring.jpa.open-in-view to disable this warning","logger":"org.springframework.boot.autoconfigure.orm.jpa.JpaBaseConfiguration$JpaWebConfiguration","thread":"main","level":"WARN","level_value":30000}
{"timestamp":"2025-06-01T01:50:26.7364128-05:00","@version":"1","message":"Failed to set up a Bean Validation provider: jakarta.validation.NoProviderFoundException: Unable to create a Configuration, because no Jakarta Bean Validation provider could be found. Add a provider like Hibernate Validator (RI) to your classpath.","logger":"org.springframework.validation.beanvalidation.OptionalValidatorFactoryBean","thread":"main","level":"INFO","level_value":20000}
{"timestamp":"2025-06-01T01:50:29.770668-05:00","@version":"1","message":"Cannot determine local hostname","logger":"org.springframework.cloud.commons.util.InetUtils","thread":"main","level":"INFO","level_value":20000}
{"timestamp":"2025-06-01T01:50:29.8531298-05:00","@version":"1","message":"Exposing 16 endpoints beneath base path '/actuator'","logger":"org.springframework.boot.actuate.endpoint.web.EndpointLinksResolver","thread":"main","level":"INFO","level_value":20000}
{"timestamp":"2025-06-01T01:50:30.1179682-05:00","@version":"1","message":"Started ProductServiceApplicationTests in 19.117 seconds (process running for 23.311)","logger":"com.nicholassr.product_service.ProductServiceApplicationTests","thread":"main","level":"INFO","level_value":20000}
{"timestamp":"2025-06-01T01:50:31.5171295-05:00","@version":"1","message":"Closing JPA EntityManagerFactory for persistence unit 'default'","logger":"org.springframework.orm.jpa.LocalContainerEntityManagerFactoryBean","thread":"SpringApplicationShutdownHook","level":"INFO","level_value":20000}
{"timestamp":"2025-06-01T01:50:31.5241253-05:00","@version":"1","message":"HikariPool-1 - Shutdown initiated...","logger":"com.zaxxer.hikari.HikariDataSource","thread":"SpringApplicationShutdownHook","level":"INFO","level_value":20000}
{"timestamp":"2025-06-01T01:50:31.5501095-05:00","@version":"1","message":"HikariPool-1 - Shutdown completed.","logger":"com.zaxxer.hikari.HikariDataSource","thread":"SpringApplicationShutdownHook","level":"INFO","level_value":20000}
