2025-06-01 00:00:16.485 INFO  uct_service.controller.ProductController [http-nio-8082-exec-5] Listando productos, página: 0, tamaño: 10, total elementos: 1
2025-06-01 00:06:47.736 INFO  uct_service.controller.ProductController [http-nio-8082-exec-10] Listando productos, página: 0, tamaño: 10, total elementos: 1
2025-06-01 00:08:12.363 INFO  oot.web.embedded.tomcat.GracefulShutdown [SpringApplicationShutdownHook] Commencing graceful shutdown. Waiting for active requests to complete
2025-06-01 00:08:12.543 INFO  oot.web.embedded.tomcat.GracefulShutdown [tomcat-shutdown] Graceful shutdown complete
2025-06-01 00:08:12.553 INFO  a.LocalContainerEntityManagerFactoryBean [SpringApplicationShutdownHook] Closing JPA EntityManagerFactory for persistence unit 'default'
2025-06-01 00:08:12.557 INFO  com.zaxxer.hikari.HikariDataSource       [SpringApplicationShutdownHook] HikariPool-1 - Shutdown initiated...
2025-06-01 00:08:12.610 INFO  com.zaxxer.hikari.HikariDataSource       [SpringApplicationShutdownHook] HikariPool-1 - Shutdown completed.
2025-06-01 00:08:35.920 INFO  roduct_service.ProductServiceApplication [main] Starting ProductServiceApplication using Java 17.0.9 with PID 21464 (C:\Users\brandon.silva\Desktop\microservices-json-api\product-service\target\classes started by brandon.silva in C:\Users\brandon.silva\Desktop\microservices-json-api)
2025-06-01 00:08:35.953 INFO  roduct_service.ProductServiceApplication [main] No active profile set, falling back to 1 default profile: "default"
2025-06-01 00:08:39.566 INFO  y.config.RepositoryConfigurationDelegate [main] Bootstrapping Spring Data JPA repositories in DEFAULT mode.
2025-06-01 00:08:39.713 INFO  y.config.RepositoryConfigurationDelegate [main] Finished Spring Data repository scanning in 122 ms. Found 1 JPA repository interface.
2025-06-01 00:08:40.194 INFO  amework.cloud.context.scope.GenericScope [main] BeanFactory id=2c8fdbab-7c8b-3916-b98b-c74ca8964327
2025-06-01 00:08:41.692 INFO  boot.web.embedded.tomcat.TomcatWebServer [main] Tomcat initialized with port 8082 (http)
2025-06-01 00:08:41.722 INFO  org.apache.catalina.core.StandardService [main] Starting service [Tomcat]
2025-06-01 00:08:41.723 INFO  org.apache.catalina.core.StandardEngine  [main] Starting Servlet engine: [Apache Tomcat/10.1.41]
2025-06-01 00:08:41.952 INFO  e.ContainerBase.[Tomcat].[localhost].[/] [main] Initializing Spring embedded WebApplicationContext
2025-06-01 00:08:41.953 INFO  ntext.ServletWebServerApplicationContext [main] Root WebApplicationContext: initialization completed in 5874 ms
2025-06-01 00:08:42.941 INFO  rg.hibernate.jpa.internal.util.LogHelper [main] HHH000204: Processing PersistenceUnitInfo [name: default]
2025-06-01 00:08:43.112 INFO  org.hibernate.Version                    [main] HHH000412: Hibernate ORM core version 6.6.15.Final
2025-06-01 00:08:43.239 INFO  te.cache.internal.RegionFactoryInitiator [main] HHH000026: Second-level cache disabled
2025-06-01 00:08:44.152 INFO  ersistenceunit.SpringPersistenceUnitInfo [main] No LoadTimeWeaver setup: ignoring JPA class transformer
2025-06-01 00:08:44.242 INFO  com.zaxxer.hikari.HikariDataSource       [main] HikariPool-1 - Starting...
2025-06-01 00:08:44.713 INFO  com.zaxxer.hikari.pool.HikariPool        [main] HikariPool-1 - Added connection org.postgresql.jdbc.PgConnection@285c63cf
2025-06-01 00:08:44.716 INFO  com.zaxxer.hikari.HikariDataSource       [main] HikariPool-1 - Start completed.
2025-06-01 00:08:44.793 WARN  org.hibernate.orm.deprecation            [main] HHH90000025: PostgreSQLDialect does not need to be specified explicitly using 'hibernate.dialect' (remove the property setting and it will be selected by default)
2025-06-01 00:08:44.856 INFO  org.hibernate.orm.connections.pooling    [main] HHH10001005: Database info:
	Database JDBC URL [Connecting through datasource 'HikariDataSource (HikariPool-1)']
	Database driver: undefined/unknown
	Database version: 16.0
	Autocommit mode: undefined/unknown
	Isolation level: undefined/unknown
	Minimum pool size: undefined/unknown
	Maximum pool size: undefined/unknown
2025-06-01 00:08:47.536 INFO  a.platform.internal.JtaPlatformInitiator [main] HHH000489: No JTA platform available (set 'hibernate.transaction.jta.platform' to enable JTA platform integration)
2025-06-01 00:08:47.640 INFO  a.LocalContainerEntityManagerFactoryBean [main] Initialized JPA EntityManagerFactory for persistence unit 'default'
2025-06-01 00:08:49.368 WARN  JpaBaseConfiguration$JpaWebConfiguration [main] spring.jpa.open-in-view is enabled by default. Therefore, database queries may be performed during view rendering. Explicitly configure spring.jpa.open-in-view to disable this warning
2025-06-01 00:08:49.531 INFO  nvalidation.OptionalValidatorFactoryBean [main] Failed to set up a Bean Validation provider: jakarta.validation.NoProviderFoundException: Unable to create a Configuration, because no Jakarta Bean Validation provider could be found. Add a provider like Hibernate Validator (RI) to your classpath.
2025-06-01 00:08:52.814 INFO  ngframework.cloud.commons.util.InetUtils [main] Cannot determine local hostname
2025-06-01 00:08:52.920 INFO  tuate.endpoint.web.EndpointLinksResolver [main] Exposing 16 endpoints beneath base path '/actuator'
2025-06-01 00:08:53.203 INFO  boot.web.embedded.tomcat.TomcatWebServer [main] Tomcat started on port 8082 (http) with context path '/'
2025-06-01 00:08:54.325 INFO  ngframework.cloud.commons.util.InetUtils [main] Cannot determine local hostname
2025-06-01 00:08:54.387 INFO  roduct_service.ProductServiceApplication [main] Started ProductServiceApplication in 22.347 seconds (process running for 24.231)
2025-06-01 00:09:01.301 INFO  e.ContainerBase.[Tomcat].[localhost].[/] [http-nio-8082-exec-2] Initializing Spring DispatcherServlet 'dispatcherServlet'
2025-06-01 00:09:01.304 INFO  gframework.web.servlet.DispatcherServlet [http-nio-8082-exec-2] Initializing Servlet 'dispatcherServlet'
2025-06-01 00:09:01.319 INFO  gframework.web.servlet.DispatcherServlet [http-nio-8082-exec-2] Completed initialization in 2 ms
2025-06-01 00:09:35.762 INFO  uct_service.controller.ProductController [http-nio-8082-exec-3] Listando productos, página: 0, tamaño: 10, total elementos: 1
2025-06-01 00:10:11.633 INFO  uct_service.controller.ProductController [http-nio-8082-exec-4] Producto creado: 3
2025-06-01 00:10:27.681 INFO  uct_service.controller.ProductController [http-nio-8082-exec-5] Listando productos, página: 0, tamaño: 10, total elementos: 2
2025-06-01 00:11:37.927 INFO  uct_service.controller.ProductController [http-nio-8082-exec-7] Producto creado: 4
2025-06-01 00:11:50.492 INFO  uct_service.controller.ProductController [http-nio-8082-exec-9] Listando productos, página: 0, tamaño: 10, total elementos: 3
2025-06-01 00:14:45.990 INFO  oot.web.embedded.tomcat.GracefulShutdown [SpringApplicationShutdownHook] Commencing graceful shutdown. Waiting for active requests to complete
2025-06-01 00:14:46.143 INFO  oot.web.embedded.tomcat.GracefulShutdown [tomcat-shutdown] Graceful shutdown complete
2025-06-01 00:14:46.152 INFO  a.LocalContainerEntityManagerFactoryBean [SpringApplicationShutdownHook] Closing JPA EntityManagerFactory for persistence unit 'default'
2025-06-01 00:14:46.158 INFO  com.zaxxer.hikari.HikariDataSource       [SpringApplicationShutdownHook] HikariPool-1 - Shutdown initiated...
2025-06-01 00:14:46.178 INFO  com.zaxxer.hikari.HikariDataSource       [SpringApplicationShutdownHook] HikariPool-1 - Shutdown completed.
2025-06-01 00:15:07.939 INFO  roduct_service.ProductServiceApplication [main] Starting ProductServiceApplication using Java 17.0.9 with PID 19804 (C:\Users\brandon.silva\Desktop\microservices-json-api\product-service\target\classes started by brandon.silva in C:\Users\brandon.silva\Desktop\microservices-json-api)
2025-06-01 00:15:07.968 INFO  roduct_service.ProductServiceApplication [main] No active profile set, falling back to 1 default profile: "default"
2025-06-01 00:15:11.692 INFO  y.config.RepositoryConfigurationDelegate [main] Bootstrapping Spring Data JPA repositories in DEFAULT mode.
2025-06-01 00:15:11.851 INFO  y.config.RepositoryConfigurationDelegate [main] Finished Spring Data repository scanning in 135 ms. Found 1 JPA repository interface.
2025-06-01 00:15:12.205 INFO  amework.cloud.context.scope.GenericScope [main] BeanFactory id=2c8fdbab-7c8b-3916-b98b-c74ca8964327
2025-06-01 00:15:13.396 INFO  boot.web.embedded.tomcat.TomcatWebServer [main] Tomcat initialized with port 8082 (http)
2025-06-01 00:15:13.434 INFO  org.apache.catalina.core.StandardService [main] Starting service [Tomcat]
2025-06-01 00:15:13.435 INFO  org.apache.catalina.core.StandardEngine  [main] Starting Servlet engine: [Apache Tomcat/10.1.41]
2025-06-01 00:15:13.713 INFO  e.ContainerBase.[Tomcat].[localhost].[/] [main] Initializing Spring embedded WebApplicationContext
2025-06-01 00:15:13.714 INFO  ntext.ServletWebServerApplicationContext [main] Root WebApplicationContext: initialization completed in 5633 ms
2025-06-01 00:15:14.549 INFO  rg.hibernate.jpa.internal.util.LogHelper [main] HHH000204: Processing PersistenceUnitInfo [name: default]
2025-06-01 00:15:14.695 INFO  org.hibernate.Version                    [main] HHH000412: Hibernate ORM core version 6.6.15.Final
2025-06-01 00:15:14.841 INFO  te.cache.internal.RegionFactoryInitiator [main] HHH000026: Second-level cache disabled
2025-06-01 00:15:15.726 INFO  ersistenceunit.SpringPersistenceUnitInfo [main] No LoadTimeWeaver setup: ignoring JPA class transformer
2025-06-01 00:15:15.821 INFO  com.zaxxer.hikari.HikariDataSource       [main] HikariPool-1 - Starting...
2025-06-01 00:15:16.305 INFO  com.zaxxer.hikari.pool.HikariPool        [main] HikariPool-1 - Added connection org.postgresql.jdbc.PgConnection@4e0802e0
2025-06-01 00:15:16.310 INFO  com.zaxxer.hikari.HikariDataSource       [main] HikariPool-1 - Start completed.
2025-06-01 00:15:16.397 WARN  org.hibernate.orm.deprecation            [main] HHH90000025: PostgreSQLDialect does not need to be specified explicitly using 'hibernate.dialect' (remove the property setting and it will be selected by default)
2025-06-01 00:15:16.480 INFO  org.hibernate.orm.connections.pooling    [main] HHH10001005: Database info:
	Database JDBC URL [Connecting through datasource 'HikariDataSource (HikariPool-1)']
	Database driver: undefined/unknown
	Database version: 16.0
	Autocommit mode: undefined/unknown
	Isolation level: undefined/unknown
	Minimum pool size: undefined/unknown
	Maximum pool size: undefined/unknown
2025-06-01 00:15:19.058 INFO  a.platform.internal.JtaPlatformInitiator [main] HHH000489: No JTA platform available (set 'hibernate.transaction.jta.platform' to enable JTA platform integration)
2025-06-01 00:15:19.151 INFO  a.LocalContainerEntityManagerFactoryBean [main] Initialized JPA EntityManagerFactory for persistence unit 'default'
2025-06-01 00:15:20.653 WARN  JpaBaseConfiguration$JpaWebConfiguration [main] spring.jpa.open-in-view is enabled by default. Therefore, database queries may be performed during view rendering. Explicitly configure spring.jpa.open-in-view to disable this warning
2025-06-01 00:15:20.815 INFO  nvalidation.OptionalValidatorFactoryBean [main] Failed to set up a Bean Validation provider: jakarta.validation.NoProviderFoundException: Unable to create a Configuration, because no Jakarta Bean Validation provider could be found. Add a provider like Hibernate Validator (RI) to your classpath.
2025-06-01 00:15:24.214 INFO  ngframework.cloud.commons.util.InetUtils [main] Cannot determine local hostname
2025-06-01 00:15:24.305 INFO  tuate.endpoint.web.EndpointLinksResolver [main] Exposing 16 endpoints beneath base path '/actuator'
2025-06-01 00:15:24.633 INFO  boot.web.embedded.tomcat.TomcatWebServer [main] Tomcat started on port 8082 (http) with context path '/'
2025-06-01 00:15:25.769 INFO  ngframework.cloud.commons.util.InetUtils [main] Cannot determine local hostname
2025-06-01 00:15:25.818 INFO  roduct_service.ProductServiceApplication [main] Started ProductServiceApplication in 21.355 seconds (process running for 22.984)
2025-06-01 00:17:17.988 INFO  e.ContainerBase.[Tomcat].[localhost].[/] [http-nio-8082-exec-1] Initializing Spring DispatcherServlet 'dispatcherServlet'
2025-06-01 00:17:17.990 INFO  gframework.web.servlet.DispatcherServlet [http-nio-8082-exec-1] Initializing Servlet 'dispatcherServlet'
2025-06-01 00:17:17.995 INFO  gframework.web.servlet.DispatcherServlet [http-nio-8082-exec-1] Completed initialization in 4 ms
2025-06-01 00:17:18.221 WARN  .support.DefaultHandlerExceptionResolver [http-nio-8082-exec-1] Resolved [org.springframework.web.HttpMediaTypeNotSupportedException: Content-Type 'application/json' is not supported]
2025-06-01 00:18:27.005 INFO  uct_service.controller.ProductController [http-nio-8082-exec-4] Producto actualizado: 3
2025-06-01 00:22:18.856 INFO  oot.web.embedded.tomcat.GracefulShutdown [SpringApplicationShutdownHook] Commencing graceful shutdown. Waiting for active requests to complete
2025-06-01 00:22:19.016 INFO  oot.web.embedded.tomcat.GracefulShutdown [tomcat-shutdown] Graceful shutdown complete
2025-06-01 00:22:19.027 INFO  a.LocalContainerEntityManagerFactoryBean [SpringApplicationShutdownHook] Closing JPA EntityManagerFactory for persistence unit 'default'
2025-06-01 00:22:19.031 INFO  com.zaxxer.hikari.HikariDataSource       [SpringApplicationShutdownHook] HikariPool-1 - Shutdown initiated...
2025-06-01 00:22:19.058 INFO  com.zaxxer.hikari.HikariDataSource       [SpringApplicationShutdownHook] HikariPool-1 - Shutdown completed.
2025-06-01 00:22:35.184 INFO  roduct_service.ProductServiceApplication [main] Starting ProductServiceApplication using Java 17.0.9 with PID 24180 (C:\Users\brandon.silva\Desktop\microservices-json-api\product-service\target\classes started by brandon.silva in C:\Users\brandon.silva\Desktop\microservices-json-api)
2025-06-01 00:22:35.212 INFO  roduct_service.ProductServiceApplication [main] No active profile set, falling back to 1 default profile: "default"
2025-06-01 00:22:38.535 INFO  y.config.RepositoryConfigurationDelegate [main] Bootstrapping Spring Data JPA repositories in DEFAULT mode.
2025-06-01 00:22:38.696 INFO  y.config.RepositoryConfigurationDelegate [main] Finished Spring Data repository scanning in 121 ms. Found 1 JPA repository interface.
2025-06-01 00:22:39.083 INFO  amework.cloud.context.scope.GenericScope [main] BeanFactory id=2c8fdbab-7c8b-3916-b98b-c74ca8964327
2025-06-01 00:22:40.267 INFO  boot.web.embedded.tomcat.TomcatWebServer [main] Tomcat initialized with port 8082 (http)
2025-06-01 00:22:40.300 INFO  org.apache.catalina.core.StandardService [main] Starting service [Tomcat]
2025-06-01 00:22:40.301 INFO  org.apache.catalina.core.StandardEngine  [main] Starting Servlet engine: [Apache Tomcat/10.1.41]
2025-06-01 00:22:40.533 INFO  e.ContainerBase.[Tomcat].[localhost].[/] [main] Initializing Spring embedded WebApplicationContext
2025-06-01 00:22:40.536 INFO  ntext.ServletWebServerApplicationContext [main] Root WebApplicationContext: initialization completed in 5227 ms
2025-06-01 00:22:41.403 INFO  rg.hibernate.jpa.internal.util.LogHelper [main] HHH000204: Processing PersistenceUnitInfo [name: default]
2025-06-01 00:22:41.555 INFO  org.hibernate.Version                    [main] HHH000412: Hibernate ORM core version 6.6.15.Final
2025-06-01 00:22:41.668 INFO  te.cache.internal.RegionFactoryInitiator [main] HHH000026: Second-level cache disabled
2025-06-01 00:22:42.500 INFO  ersistenceunit.SpringPersistenceUnitInfo [main] No LoadTimeWeaver setup: ignoring JPA class transformer
2025-06-01 00:22:42.601 INFO  com.zaxxer.hikari.HikariDataSource       [main] HikariPool-1 - Starting...
2025-06-01 00:22:43.087 INFO  com.zaxxer.hikari.pool.HikariPool        [main] HikariPool-1 - Added connection org.postgresql.jdbc.PgConnection@4e0802e0
2025-06-01 00:22:43.091 INFO  com.zaxxer.hikari.HikariDataSource       [main] HikariPool-1 - Start completed.
2025-06-01 00:22:43.168 WARN  org.hibernate.orm.deprecation            [main] HHH90000025: PostgreSQLDialect does not need to be specified explicitly using 'hibernate.dialect' (remove the property setting and it will be selected by default)
2025-06-01 00:22:43.232 INFO  org.hibernate.orm.connections.pooling    [main] HHH10001005: Database info:
	Database JDBC URL [Connecting through datasource 'HikariDataSource (HikariPool-1)']
	Database driver: undefined/unknown
	Database version: 16.0
	Autocommit mode: undefined/unknown
	Isolation level: undefined/unknown
	Minimum pool size: undefined/unknown
	Maximum pool size: undefined/unknown
2025-06-01 00:22:45.803 INFO  a.platform.internal.JtaPlatformInitiator [main] HHH000489: No JTA platform available (set 'hibernate.transaction.jta.platform' to enable JTA platform integration)
2025-06-01 00:22:45.915 INFO  a.LocalContainerEntityManagerFactoryBean [main] Initialized JPA EntityManagerFactory for persistence unit 'default'
2025-06-01 00:22:47.235 WARN  JpaBaseConfiguration$JpaWebConfiguration [main] spring.jpa.open-in-view is enabled by default. Therefore, database queries may be performed during view rendering. Explicitly configure spring.jpa.open-in-view to disable this warning
2025-06-01 00:22:47.369 INFO  nvalidation.OptionalValidatorFactoryBean [main] Failed to set up a Bean Validation provider: jakarta.validation.NoProviderFoundException: Unable to create a Configuration, because no Jakarta Bean Validation provider could be found. Add a provider like Hibernate Validator (RI) to your classpath.
2025-06-01 00:22:51.219 INFO  ngframework.cloud.commons.util.InetUtils [main] Cannot determine local hostname
2025-06-01 00:22:51.292 INFO  tuate.endpoint.web.EndpointLinksResolver [main] Exposing 16 endpoints beneath base path '/actuator'
2025-06-01 00:22:51.578 INFO  boot.web.embedded.tomcat.TomcatWebServer [main] Tomcat started on port 8082 (http) with context path '/'
2025-06-01 00:22:53.115 INFO  ngframework.cloud.commons.util.InetUtils [main] Cannot determine local hostname
2025-06-01 00:22:53.176 INFO  roduct_service.ProductServiceApplication [main] Started ProductServiceApplication in 21.241 seconds (process running for 22.912)
2025-06-01 00:25:03.667 INFO  e.ContainerBase.[Tomcat].[localhost].[/] [http-nio-8082-exec-1] Initializing Spring DispatcherServlet 'dispatcherServlet'
2025-06-01 00:25:03.680 INFO  gframework.web.servlet.DispatcherServlet [http-nio-8082-exec-1] Initializing Servlet 'dispatcherServlet'
2025-06-01 00:25:03.688 INFO  gframework.web.servlet.DispatcherServlet [http-nio-8082-exec-1] Completed initialization in 2 ms
2025-06-01 00:25:04.360 INFO  uct_service.controller.ProductController [http-nio-8082-exec-1] Listando productos, página: 0, tamaño: 10, total elementos: 3
2025-06-01 00:25:37.500 INFO  uct_service.controller.ProductController [http-nio-8082-exec-3] Producto actualizado: 3
2025-06-01 00:26:22.763 INFO  uct_service.controller.ProductController [http-nio-8082-exec-4] Producto actualizado: 3
2025-06-01 00:28:26.717 INFO  oot.web.embedded.tomcat.GracefulShutdown [SpringApplicationShutdownHook] Commencing graceful shutdown. Waiting for active requests to complete
2025-06-01 00:28:26.996 INFO  oot.web.embedded.tomcat.GracefulShutdown [tomcat-shutdown] Graceful shutdown complete
2025-06-01 00:28:27.026 INFO  a.LocalContainerEntityManagerFactoryBean [SpringApplicationShutdownHook] Closing JPA EntityManagerFactory for persistence unit 'default'
2025-06-01 00:28:27.056 INFO  com.zaxxer.hikari.HikariDataSource       [SpringApplicationShutdownHook] HikariPool-1 - Shutdown initiated...
2025-06-01 00:28:27.110 INFO  com.zaxxer.hikari.HikariDataSource       [SpringApplicationShutdownHook] HikariPool-1 - Shutdown completed.
2025-06-01 00:28:59.832 INFO  roduct_service.ProductServiceApplication [main] Starting ProductServiceApplication using Java 17.0.9 with PID 20596 (C:\Users\brandon.silva\Desktop\microservices-json-api\product-service\target\classes started by brandon.silva in C:\Users\brandon.silva\Desktop\microservices-json-api)
2025-06-01 00:28:59.862 INFO  roduct_service.ProductServiceApplication [main] No active profile set, falling back to 1 default profile: "default"
2025-06-01 00:29:05.606 INFO  y.config.RepositoryConfigurationDelegate [main] Bootstrapping Spring Data JPA repositories in DEFAULT mode.
2025-06-01 00:29:05.798 INFO  y.config.RepositoryConfigurationDelegate [main] Finished Spring Data repository scanning in 149 ms. Found 1 JPA repository interface.
2025-06-01 00:29:06.542 INFO  amework.cloud.context.scope.GenericScope [main] BeanFactory id=2c8fdbab-7c8b-3916-b98b-c74ca8964327
2025-06-01 00:29:08.222 INFO  boot.web.embedded.tomcat.TomcatWebServer [main] Tomcat initialized with port 8082 (http)
2025-06-01 00:29:08.263 INFO  org.apache.catalina.core.StandardService [main] Starting service [Tomcat]
2025-06-01 00:29:08.264 INFO  org.apache.catalina.core.StandardEngine  [main] Starting Servlet engine: [Apache Tomcat/10.1.41]
2025-06-01 00:29:08.572 INFO  e.ContainerBase.[Tomcat].[localhost].[/] [main] Initializing Spring embedded WebApplicationContext
2025-06-01 00:29:08.574 INFO  ntext.ServletWebServerApplicationContext [main] Root WebApplicationContext: initialization completed in 8593 ms
2025-06-01 00:29:09.604 INFO  rg.hibernate.jpa.internal.util.LogHelper [main] HHH000204: Processing PersistenceUnitInfo [name: default]
2025-06-01 00:29:09.759 INFO  org.hibernate.Version                    [main] HHH000412: Hibernate ORM core version 6.6.15.Final
2025-06-01 00:29:09.869 INFO  te.cache.internal.RegionFactoryInitiator [main] HHH000026: Second-level cache disabled
2025-06-01 00:29:10.775 INFO  ersistenceunit.SpringPersistenceUnitInfo [main] No LoadTimeWeaver setup: ignoring JPA class transformer
2025-06-01 00:29:10.848 INFO  com.zaxxer.hikari.HikariDataSource       [main] HikariPool-1 - Starting...
2025-06-01 00:29:11.208 INFO  com.zaxxer.hikari.pool.HikariPool        [main] HikariPool-1 - Added connection org.postgresql.jdbc.PgConnection@7b54a0a4
2025-06-01 00:29:11.211 INFO  com.zaxxer.hikari.HikariDataSource       [main] HikariPool-1 - Start completed.
2025-06-01 00:29:11.293 WARN  org.hibernate.orm.deprecation            [main] HHH90000025: PostgreSQLDialect does not need to be specified explicitly using 'hibernate.dialect' (remove the property setting and it will be selected by default)
2025-06-01 00:29:11.365 INFO  org.hibernate.orm.connections.pooling    [main] HHH10001005: Database info:
	Database JDBC URL [Connecting through datasource 'HikariDataSource (HikariPool-1)']
	Database driver: undefined/unknown
	Database version: 16.0
	Autocommit mode: undefined/unknown
	Isolation level: undefined/unknown
	Minimum pool size: undefined/unknown
	Maximum pool size: undefined/unknown
2025-06-01 00:29:13.790 INFO  a.platform.internal.JtaPlatformInitiator [main] HHH000489: No JTA platform available (set 'hibernate.transaction.jta.platform' to enable JTA platform integration)
2025-06-01 00:29:13.890 INFO  a.LocalContainerEntityManagerFactoryBean [main] Initialized JPA EntityManagerFactory for persistence unit 'default'
2025-06-01 00:29:15.088 WARN  JpaBaseConfiguration$JpaWebConfiguration [main] spring.jpa.open-in-view is enabled by default. Therefore, database queries may be performed during view rendering. Explicitly configure spring.jpa.open-in-view to disable this warning
2025-06-01 00:29:15.184 INFO  nvalidation.OptionalValidatorFactoryBean [main] Failed to set up a Bean Validation provider: jakarta.validation.NoProviderFoundException: Unable to create a Configuration, because no Jakarta Bean Validation provider could be found. Add a provider like Hibernate Validator (RI) to your classpath.
2025-06-01 00:29:17.953 INFO  ngframework.cloud.commons.util.InetUtils [main] Cannot determine local hostname
2025-06-01 00:29:18.032 INFO  tuate.endpoint.web.EndpointLinksResolver [main] Exposing 16 endpoints beneath base path '/actuator'
2025-06-01 00:29:18.276 INFO  boot.web.embedded.tomcat.TomcatWebServer [main] Tomcat started on port 8082 (http) with context path '/'
2025-06-01 00:29:19.475 INFO  ngframework.cloud.commons.util.InetUtils [main] Cannot determine local hostname
2025-06-01 00:29:19.553 INFO  roduct_service.ProductServiceApplication [main] Started ProductServiceApplication in 24.399 seconds (process running for 26.399)
2025-06-01 00:29:29.629 INFO  e.ContainerBase.[Tomcat].[localhost].[/] [http-nio-8082-exec-1] Initializing Spring DispatcherServlet 'dispatcherServlet'
2025-06-01 00:29:29.630 INFO  gframework.web.servlet.DispatcherServlet [http-nio-8082-exec-1] Initializing Servlet 'dispatcherServlet'
2025-06-01 00:29:29.636 INFO  gframework.web.servlet.DispatcherServlet [http-nio-8082-exec-1] Completed initialization in 5 ms
2025-06-01 00:29:30.656 INFO  uct_service.controller.ProductController [http-nio-8082-exec-1] Listando productos, página: 0, tamaño: 10, total elementos: 3
2025-06-01 00:29:57.224 INFO  uct_service.controller.ProductController [http-nio-8082-exec-3] Producto eliminado: 2
2025-06-01 00:34:50.301 INFO  uct_service.controller.ProductController [http-nio-8082-exec-6] Producto creado: 5
2025-06-01 00:35:17.788 INFO  uct_service.controller.ProductController [http-nio-8082-exec-7] Producto creado: 6
2025-06-01 00:35:35.362 INFO  uct_service.controller.ProductController [http-nio-8082-exec-8] Producto creado: 7
2025-06-01 00:35:46.601 INFO  uct_service.controller.ProductController [http-nio-8082-exec-9] Producto creado: 8
2025-06-01 00:35:57.795 INFO  uct_service.controller.ProductController [http-nio-8082-exec-10] Producto creado: 9
2025-06-01 00:36:08.793 INFO  uct_service.controller.ProductController [http-nio-8082-exec-2] Producto creado: 10
2025-06-01 00:36:20.227 INFO  uct_service.controller.ProductController [http-nio-8082-exec-1] Producto creado: 11
2025-06-01 00:36:55.449 INFO  uct_service.controller.ProductController [http-nio-8082-exec-3] Producto creado: 12
2025-06-01 00:37:08.432 INFO  uct_service.controller.ProductController [http-nio-8082-exec-4] Producto creado: 13
2025-06-01 00:37:17.775 INFO  uct_service.controller.ProductController [http-nio-8082-exec-5] Producto creado: 14
2025-06-01 00:37:35.663 INFO  uct_service.controller.ProductController [http-nio-8082-exec-6] Listando productos, página: 0, tamaño: 10, total elementos: 12
2025-06-01 00:39:46.288 INFO  uct_service.controller.ProductController [http-nio-8082-exec-8] Listando productos, página: 0, tamaño: 10, total elementos: 12
2025-06-01 00:39:56.251 INFO  uct_service.controller.ProductController [http-nio-8082-exec-10] Listando productos, página: 1, tamaño: 10, total elementos: 12
2025-06-01 00:40:36.865 INFO  uct_service.controller.ProductController [http-nio-8082-exec-2] Producto creado: 15
2025-06-01 00:40:53.733 INFO  uct_service.controller.ProductController [http-nio-8082-exec-1] Producto creado: 16
2025-06-01 00:41:02.420 INFO  uct_service.controller.ProductController [http-nio-8082-exec-3] Producto creado: 17
2025-06-01 00:41:22.361 INFO  uct_service.controller.ProductController [http-nio-8082-exec-4] Listando productos, página: 1, tamaño: 10, total elementos: 15
2025-06-01 00:45:48.113 INFO  oot.web.embedded.tomcat.GracefulShutdown [SpringApplicationShutdownHook] Commencing graceful shutdown. Waiting for active requests to complete
2025-06-01 00:45:48.307 INFO  oot.web.embedded.tomcat.GracefulShutdown [tomcat-shutdown] Graceful shutdown complete
2025-06-01 00:45:48.327 INFO  a.LocalContainerEntityManagerFactoryBean [SpringApplicationShutdownHook] Closing JPA EntityManagerFactory for persistence unit 'default'
2025-06-01 00:45:48.340 INFO  com.zaxxer.hikari.HikariDataSource       [SpringApplicationShutdownHook] HikariPool-1 - Shutdown initiated...
2025-06-01 00:45:48.390 INFO  com.zaxxer.hikari.HikariDataSource       [SpringApplicationShutdownHook] HikariPool-1 - Shutdown completed.
2025-06-01 00:49:50.058 INFO  roduct_service.ProductServiceApplication [main] Starting ProductServiceApplication using Java 17.0.9 with PID 12948 (C:\Users\brandon.silva\Desktop\microservices-json-api\product-service\target\classes started by brandon.silva in C:\Users\brandon.silva\Desktop\microservices-json-api)
2025-06-01 00:49:50.088 INFO  roduct_service.ProductServiceApplication [main] No active profile set, falling back to 1 default profile: "default"
2025-06-01 00:49:53.852 INFO  y.config.RepositoryConfigurationDelegate [main] Bootstrapping Spring Data JPA repositories in DEFAULT mode.
2025-06-01 00:49:54.010 INFO  y.config.RepositoryConfigurationDelegate [main] Finished Spring Data repository scanning in 126 ms. Found 1 JPA repository interface.
2025-06-01 00:49:54.378 INFO  amework.cloud.context.scope.GenericScope [main] BeanFactory id=2c8fdbab-7c8b-3916-b98b-c74ca8964327
2025-06-01 00:49:55.727 INFO  boot.web.embedded.tomcat.TomcatWebServer [main] Tomcat initialized with port 8082 (http)
2025-06-01 00:49:55.761 INFO  org.apache.catalina.core.StandardService [main] Starting service [Tomcat]
2025-06-01 00:49:55.762 INFO  org.apache.catalina.core.StandardEngine  [main] Starting Servlet engine: [Apache Tomcat/10.1.41]
2025-06-01 00:49:55.928 INFO  e.ContainerBase.[Tomcat].[localhost].[/] [main] Initializing Spring embedded WebApplicationContext
2025-06-01 00:49:55.929 INFO  ntext.ServletWebServerApplicationContext [main] Root WebApplicationContext: initialization completed in 5710 ms
2025-06-01 00:49:56.793 INFO  rg.hibernate.jpa.internal.util.LogHelper [main] HHH000204: Processing PersistenceUnitInfo [name: default]
2025-06-01 00:49:56.980 INFO  org.hibernate.Version                    [main] HHH000412: Hibernate ORM core version 6.6.15.Final
2025-06-01 00:49:57.100 INFO  te.cache.internal.RegionFactoryInitiator [main] HHH000026: Second-level cache disabled
2025-06-01 00:49:57.970 INFO  ersistenceunit.SpringPersistenceUnitInfo [main] No LoadTimeWeaver setup: ignoring JPA class transformer
2025-06-01 00:49:58.087 INFO  com.zaxxer.hikari.HikariDataSource       [main] HikariPool-1 - Starting...
2025-06-01 00:49:58.549 INFO  com.zaxxer.hikari.pool.HikariPool        [main] HikariPool-1 - Added connection org.postgresql.jdbc.PgConnection@5b0e5d5f
2025-06-01 00:49:58.553 INFO  com.zaxxer.hikari.HikariDataSource       [main] HikariPool-1 - Start completed.
2025-06-01 00:49:58.630 WARN  org.hibernate.orm.deprecation            [main] HHH90000025: PostgreSQLDialect does not need to be specified explicitly using 'hibernate.dialect' (remove the property setting and it will be selected by default)
2025-06-01 00:49:58.690 INFO  org.hibernate.orm.connections.pooling    [main] HHH10001005: Database info:
	Database JDBC URL [Connecting through datasource 'HikariDataSource (HikariPool-1)']
	Database driver: undefined/unknown
	Database version: 16.0
	Autocommit mode: undefined/unknown
	Isolation level: undefined/unknown
	Minimum pool size: undefined/unknown
	Maximum pool size: undefined/unknown
2025-06-01 00:50:01.476 INFO  a.platform.internal.JtaPlatformInitiator [main] HHH000489: No JTA platform available (set 'hibernate.transaction.jta.platform' to enable JTA platform integration)
2025-06-01 00:50:01.594 INFO  a.LocalContainerEntityManagerFactoryBean [main] Initialized JPA EntityManagerFactory for persistence unit 'default'
2025-06-01 00:50:02.860 WARN  JpaBaseConfiguration$JpaWebConfiguration [main] spring.jpa.open-in-view is enabled by default. Therefore, database queries may be performed during view rendering. Explicitly configure spring.jpa.open-in-view to disable this warning
2025-06-01 00:50:02.974 INFO  nvalidation.OptionalValidatorFactoryBean [main] Failed to set up a Bean Validation provider: jakarta.validation.NoProviderFoundException: Unable to create a Configuration, because no Jakarta Bean Validation provider could be found. Add a provider like Hibernate Validator (RI) to your classpath.
2025-06-01 00:50:05.668 INFO  ngframework.cloud.commons.util.InetUtils [main] Cannot determine local hostname
2025-06-01 00:50:05.742 INFO  tuate.endpoint.web.EndpointLinksResolver [main] Exposing 16 endpoints beneath base path '/actuator'
2025-06-01 00:50:06.042 INFO  boot.web.embedded.tomcat.TomcatWebServer [main] Tomcat started on port 8082 (http) with context path '/'
2025-06-01 00:50:07.194 INFO  ngframework.cloud.commons.util.InetUtils [main] Cannot determine local hostname
2025-06-01 00:50:07.236 INFO  roduct_service.ProductServiceApplication [main] Started ProductServiceApplication in 20.557 seconds (process running for 22.26)
2025-06-01 00:52:47.738 INFO  e.ContainerBase.[Tomcat].[localhost].[/] [http-nio-8082-exec-1] Initializing Spring DispatcherServlet 'dispatcherServlet'
2025-06-01 00:52:47.744 INFO  gframework.web.servlet.DispatcherServlet [http-nio-8082-exec-1] Initializing Servlet 'dispatcherServlet'
2025-06-01 00:52:47.748 INFO  gframework.web.servlet.DispatcherServlet [http-nio-8082-exec-1] Completed initialization in 3 ms
2025-06-01 00:52:50.719 INFO  rg.springdoc.api.AbstractOpenApiResource [http-nio-8082-exec-10] Init duration for springdoc-openapi is: 1916 ms
2025-06-01 00:56:35.419 INFO  oot.web.embedded.tomcat.GracefulShutdown [SpringApplicationShutdownHook] Commencing graceful shutdown. Waiting for active requests to complete
2025-06-01 00:56:35.587 INFO  oot.web.embedded.tomcat.GracefulShutdown [tomcat-shutdown] Graceful shutdown complete
2025-06-01 00:56:35.598 INFO  a.LocalContainerEntityManagerFactoryBean [SpringApplicationShutdownHook] Closing JPA EntityManagerFactory for persistence unit 'default'
2025-06-01 00:56:35.604 INFO  com.zaxxer.hikari.HikariDataSource       [SpringApplicationShutdownHook] HikariPool-1 - Shutdown initiated...
2025-06-01 00:56:35.623 INFO  com.zaxxer.hikari.HikariDataSource       [SpringApplicationShutdownHook] HikariPool-1 - Shutdown completed.
