{"timestamp":"2025-06-01T00:00:16.4855219-05:00","@version":"1","message":"Listando productos, página: 0, tamaño: 10, total elementos: 1","logger":"com.nicholassr.product_service.controller.ProductController","thread":"http-nio-8082-exec-5","level":"INFO","level_value":20000}
{"timestamp":"2025-06-01T00:06:47.7367935-05:00","@version":"1","message":"Listando productos, página: 0, tamaño: 10, total elementos: 1","logger":"com.nicholassr.product_service.controller.ProductController","thread":"http-nio-8082-exec-10","level":"INFO","level_value":20000}
{"timestamp":"2025-06-01T00:08:12.3631744-05:00","@version":"1","message":"Commencing graceful shutdown. Waiting for active requests to complete","logger":"org.springframework.boot.web.embedded.tomcat.GracefulShutdown","thread":"SpringApplicationShutdownHook","level":"INFO","level_value":20000}
{"timestamp":"2025-06-01T00:08:12.5435813-05:00","@version":"1","message":"Graceful shutdown complete","logger":"org.springframework.boot.web.embedded.tomcat.GracefulShutdown","thread":"tomcat-shutdown","level":"INFO","level_value":20000}
{"timestamp":"2025-06-01T00:08:12.5535763-05:00","@version":"1","message":"Closing JPA EntityManagerFactory for persistence unit 'default'","logger":"org.springframework.orm.jpa.LocalContainerEntityManagerFactoryBean","thread":"SpringApplicationShutdownHook","level":"INFO","level_value":20000}
{"timestamp":"2025-06-01T00:08:12.5575734-05:00","@version":"1","message":"HikariPool-1 - Shutdown initiated...","logger":"com.zaxxer.hikari.HikariDataSource","thread":"SpringApplicationShutdownHook","level":"INFO","level_value":20000}
{"timestamp":"2025-06-01T00:08:12.6105419-05:00","@version":"1","message":"HikariPool-1 - Shutdown completed.","logger":"com.zaxxer.hikari.HikariDataSource","thread":"SpringApplicationShutdownHook","level":"INFO","level_value":20000}
{"timestamp":"2025-06-01T00:08:35.9204884-05:00","@version":"1","message":"Starting ProductServiceApplication using Java 17.0.9 with PID 21464 (C:\\Users\\brandon.silva\\Desktop\\microservices-json-api\\product-service\\target\\classes started by brandon.silva in C:\\Users\\brandon.silva\\Desktop\\microservices-json-api)","logger":"com.nicholassr.product_service.ProductServiceApplication","thread":"main","level":"INFO","level_value":20000}
{"timestamp":"2025-06-01T00:08:35.9534671-05:00","@version":"1","message":"No active profile set, falling back to 1 default profile: \"default\"","logger":"com.nicholassr.product_service.ProductServiceApplication","thread":"main","level":"INFO","level_value":20000}
{"timestamp":"2025-06-01T00:08:39.566633-05:00","@version":"1","message":"Bootstrapping Spring Data JPA repositories in DEFAULT mode.","logger":"org.springframework.data.repository.config.RepositoryConfigurationDelegate","thread":"main","level":"INFO","level_value":20000}
{"timestamp":"2025-06-01T00:08:39.7135413-05:00","@version":"1","message":"Finished Spring Data repository scanning in 122 ms. Found 1 JPA repository interface.","logger":"org.springframework.data.repository.config.RepositoryConfigurationDelegate","thread":"main","level":"INFO","level_value":20000}
{"timestamp":"2025-06-01T00:08:40.194758-05:00","@version":"1","message":"BeanFactory id=2c8fdbab-7c8b-3916-b98b-c74ca8964327","logger":"org.springframework.cloud.context.scope.GenericScope","thread":"main","level":"INFO","level_value":20000}
{"timestamp":"2025-06-01T00:08:41.692346-05:00","@version":"1","message":"Tomcat initialized with port 8082 (http)","logger":"org.springframework.boot.web.embedded.tomcat.TomcatWebServer","thread":"main","level":"INFO","level_value":20000}
{"timestamp":"2025-06-01T00:08:41.7223264-05:00","@version":"1","message":"Starting service [Tomcat]","logger":"org.apache.catalina.core.StandardService","thread":"main","level":"INFO","level_value":20000}
{"timestamp":"2025-06-01T00:08:41.723325-05:00","@version":"1","message":"Starting Servlet engine: [Apache Tomcat/10.1.41]","logger":"org.apache.catalina.core.StandardEngine","thread":"main","level":"INFO","level_value":20000}
{"timestamp":"2025-06-01T00:08:41.9521844-05:00","@version":"1","message":"Initializing Spring embedded WebApplicationContext","logger":"org.apache.catalina.core.ContainerBase.[Tomcat].[localhost].[/]","thread":"main","level":"INFO","level_value":20000}
{"timestamp":"2025-06-01T00:08:41.9531829-05:00","@version":"1","message":"Root WebApplicationContext: initialization completed in 5874 ms","logger":"org.springframework.boot.web.servlet.context.ServletWebServerApplicationContext","thread":"main","level":"INFO","level_value":20000}
{"timestamp":"2025-06-01T00:08:42.9413348-05:00","@version":"1","message":"HHH000204: Processing PersistenceUnitInfo [name: default]","logger":"org.hibernate.jpa.internal.util.LogHelper","thread":"main","level":"INFO","level_value":20000}
{"timestamp":"2025-06-01T00:08:43.1127803-05:00","@version":"1","message":"HHH000412: Hibernate ORM core version 6.6.15.Final","logger":"org.hibernate.Version","thread":"main","level":"INFO","level_value":20000}
{"timestamp":"2025-06-01T00:08:43.2397026-05:00","@version":"1","message":"HHH000026: Second-level cache disabled","logger":"org.hibernate.cache.internal.RegionFactoryInitiator","thread":"main","level":"INFO","level_value":20000}
{"timestamp":"2025-06-01T00:08:44.1526521-05:00","@version":"1","message":"No LoadTimeWeaver setup: ignoring JPA class transformer","logger":"org.springframework.orm.jpa.persistenceunit.SpringPersistenceUnitInfo","thread":"main","level":"INFO","level_value":20000}
{"timestamp":"2025-06-01T00:08:44.2425963-05:00","@version":"1","message":"HikariPool-1 - Starting...","logger":"com.zaxxer.hikari.HikariDataSource","thread":"main","level":"INFO","level_value":20000}
{"timestamp":"2025-06-01T00:08:44.7138174-05:00","@version":"1","message":"HikariPool-1 - Added connection org.postgresql.jdbc.PgConnection@285c63cf","logger":"com.zaxxer.hikari.pool.HikariPool","thread":"main","level":"INFO","level_value":20000}
{"timestamp":"2025-06-01T00:08:44.716816-05:00","@version":"1","message":"HikariPool-1 - Start completed.","logger":"com.zaxxer.hikari.HikariDataSource","thread":"main","level":"INFO","level_value":20000}
{"timestamp":"2025-06-01T00:08:44.7937692-05:00","@version":"1","message":"HHH90000025: PostgreSQLDialect does not need to be specified explicitly using 'hibernate.dialect' (remove the property setting and it will be selected by default)","logger":"org.hibernate.orm.deprecation","thread":"main","level":"WARN","level_value":30000}
{"timestamp":"2025-06-01T00:08:44.8567287-05:00","@version":"1","message":"HHH10001005: Database info:\n\tDatabase JDBC URL [Connecting through datasource 'HikariDataSource (HikariPool-1)']\n\tDatabase driver: undefined/unknown\n\tDatabase version: 16.0\n\tAutocommit mode: undefined/unknown\n\tIsolation level: undefined/unknown\n\tMinimum pool size: undefined/unknown\n\tMaximum pool size: undefined/unknown","logger":"org.hibernate.orm.connections.pooling","thread":"main","level":"INFO","level_value":20000}
{"timestamp":"2025-06-01T00:08:47.5365355-05:00","@version":"1","message":"HHH000489: No JTA platform available (set 'hibernate.transaction.jta.platform' to enable JTA platform integration)","logger":"org.hibernate.engine.transaction.jta.platform.internal.JtaPlatformInitiator","thread":"main","level":"INFO","level_value":20000}
{"timestamp":"2025-06-01T00:08:47.6404711-05:00","@version":"1","message":"Initialized JPA EntityManagerFactory for persistence unit 'default'","logger":"org.springframework.orm.jpa.LocalContainerEntityManagerFactoryBean","thread":"main","level":"INFO","level_value":20000}
{"timestamp":"2025-06-01T00:08:49.3684332-05:00","@version":"1","message":"spring.jpa.open-in-view is enabled by default. Therefore, database queries may be performed during view rendering. Explicitly configure spring.jpa.open-in-view to disable this warning","logger":"org.springframework.boot.autoconfigure.orm.jpa.JpaBaseConfiguration$JpaWebConfiguration","thread":"main","level":"WARN","level_value":30000}
{"timestamp":"2025-06-01T00:08:49.5313331-05:00","@version":"1","message":"Failed to set up a Bean Validation provider: jakarta.validation.NoProviderFoundException: Unable to create a Configuration, because no Jakarta Bean Validation provider could be found. Add a provider like Hibernate Validator (RI) to your classpath.","logger":"org.springframework.validation.beanvalidation.OptionalValidatorFactoryBean","thread":"main","level":"INFO","level_value":20000}
{"timestamp":"2025-06-01T00:08:52.8141874-05:00","@version":"1","message":"Cannot determine local hostname","logger":"org.springframework.cloud.commons.util.InetUtils","thread":"main","level":"INFO","level_value":20000}
{"timestamp":"2025-06-01T00:08:52.9201218-05:00","@version":"1","message":"Exposing 16 endpoints beneath base path '/actuator'","logger":"org.springframework.boot.actuate.endpoint.web.EndpointLinksResolver","thread":"main","level":"INFO","level_value":20000}
{"timestamp":"2025-06-01T00:08:53.2039455-05:00","@version":"1","message":"Tomcat started on port 8082 (http) with context path '/'","logger":"org.springframework.boot.web.embedded.tomcat.TomcatWebServer","thread":"main","level":"INFO","level_value":20000}
{"timestamp":"2025-06-01T00:08:54.325251-05:00","@version":"1","message":"Cannot determine local hostname","logger":"org.springframework.cloud.commons.util.InetUtils","thread":"main","level":"INFO","level_value":20000}
{"timestamp":"2025-06-01T00:08:54.3872136-05:00","@version":"1","message":"Started ProductServiceApplication in 22.347 seconds (process running for 24.231)","logger":"com.nicholassr.product_service.ProductServiceApplication","thread":"main","level":"INFO","level_value":20000}
{"timestamp":"2025-06-01T00:09:01.301967-05:00","@version":"1","message":"Initializing Spring DispatcherServlet 'dispatcherServlet'","logger":"org.apache.catalina.core.ContainerBase.[Tomcat].[localhost].[/]","thread":"http-nio-8082-exec-2","level":"INFO","level_value":20000}
{"timestamp":"2025-06-01T00:09:01.3049648-05:00","@version":"1","message":"Initializing Servlet 'dispatcherServlet'","logger":"org.springframework.web.servlet.DispatcherServlet","thread":"http-nio-8082-exec-2","level":"INFO","level_value":20000}
{"timestamp":"2025-06-01T00:09:01.3199566-05:00","@version":"1","message":"Completed initialization in 2 ms","logger":"org.springframework.web.servlet.DispatcherServlet","thread":"http-nio-8082-exec-2","level":"INFO","level_value":20000}
{"timestamp":"2025-06-01T00:09:35.7625254-05:00","@version":"1","message":"Listando productos, página: 0, tamaño: 10, total elementos: 1","logger":"com.nicholassr.product_service.controller.ProductController","thread":"http-nio-8082-exec-3","level":"INFO","level_value":20000}
{"timestamp":"2025-06-01T00:10:11.6339526-05:00","@version":"1","message":"Producto creado: 3","logger":"com.nicholassr.product_service.controller.ProductController","thread":"http-nio-8082-exec-4","level":"INFO","level_value":20000}
{"timestamp":"2025-06-01T00:10:27.6815573-05:00","@version":"1","message":"Listando productos, página: 0, tamaño: 10, total elementos: 2","logger":"com.nicholassr.product_service.controller.ProductController","thread":"http-nio-8082-exec-5","level":"INFO","level_value":20000}
{"timestamp":"2025-06-01T00:11:37.9270098-05:00","@version":"1","message":"Producto creado: 4","logger":"com.nicholassr.product_service.controller.ProductController","thread":"http-nio-8082-exec-7","level":"INFO","level_value":20000}
{"timestamp":"2025-06-01T00:11:50.4928156-05:00","@version":"1","message":"Listando productos, página: 0, tamaño: 10, total elementos: 3","logger":"com.nicholassr.product_service.controller.ProductController","thread":"http-nio-8082-exec-9","level":"INFO","level_value":20000}
{"timestamp":"2025-06-01T00:14:45.9907706-05:00","@version":"1","message":"Commencing graceful shutdown. Waiting for active requests to complete","logger":"org.springframework.boot.web.embedded.tomcat.GracefulShutdown","thread":"SpringApplicationShutdownHook","level":"INFO","level_value":20000}
{"timestamp":"2025-06-01T00:14:46.1436256-05:00","@version":"1","message":"Graceful shutdown complete","logger":"org.springframework.boot.web.embedded.tomcat.GracefulShutdown","thread":"tomcat-shutdown","level":"INFO","level_value":20000}
{"timestamp":"2025-06-01T00:14:46.1526178-05:00","@version":"1","message":"Closing JPA EntityManagerFactory for persistence unit 'default'","logger":"org.springframework.orm.jpa.LocalContainerEntityManagerFactoryBean","thread":"SpringApplicationShutdownHook","level":"INFO","level_value":20000}
{"timestamp":"2025-06-01T00:14:46.1586147-05:00","@version":"1","message":"HikariPool-1 - Shutdown initiated...","logger":"com.zaxxer.hikari.HikariDataSource","thread":"SpringApplicationShutdownHook","level":"INFO","level_value":20000}
{"timestamp":"2025-06-01T00:14:46.1786044-05:00","@version":"1","message":"HikariPool-1 - Shutdown completed.","logger":"com.zaxxer.hikari.HikariDataSource","thread":"SpringApplicationShutdownHook","level":"INFO","level_value":20000}
{"timestamp":"2025-06-01T00:15:07.9397161-05:00","@version":"1","message":"Starting ProductServiceApplication using Java 17.0.9 with PID 19804 (C:\\Users\\brandon.silva\\Desktop\\microservices-json-api\\product-service\\target\\classes started by brandon.silva in C:\\Users\\brandon.silva\\Desktop\\microservices-json-api)","logger":"com.nicholassr.product_service.ProductServiceApplication","thread":"main","level":"INFO","level_value":20000}
{"timestamp":"2025-06-01T00:15:07.9686981-05:00","@version":"1","message":"No active profile set, falling back to 1 default profile: \"default\"","logger":"com.nicholassr.product_service.ProductServiceApplication","thread":"main","level":"INFO","level_value":20000}
{"timestamp":"2025-06-01T00:15:11.6920071-05:00","@version":"1","message":"Bootstrapping Spring Data JPA repositories in DEFAULT mode.","logger":"org.springframework.data.repository.config.RepositoryConfigurationDelegate","thread":"main","level":"INFO","level_value":20000}
{"timestamp":"2025-06-01T00:15:11.8519069-05:00","@version":"1","message":"Finished Spring Data repository scanning in 135 ms. Found 1 JPA repository interface.","logger":"org.springframework.data.repository.config.RepositoryConfigurationDelegate","thread":"main","level":"INFO","level_value":20000}
{"timestamp":"2025-06-01T00:15:12.2052035-05:00","@version":"1","message":"BeanFactory id=2c8fdbab-7c8b-3916-b98b-c74ca8964327","logger":"org.springframework.cloud.context.scope.GenericScope","thread":"main","level":"INFO","level_value":20000}
{"timestamp":"2025-06-01T00:15:13.3969863-05:00","@version":"1","message":"Tomcat initialized with port 8082 (http)","logger":"org.springframework.boot.web.embedded.tomcat.TomcatWebServer","thread":"main","level":"INFO","level_value":20000}
{"timestamp":"2025-06-01T00:15:13.4349625-05:00","@version":"1","message":"Starting service [Tomcat]","logger":"org.apache.catalina.core.StandardService","thread":"main","level":"INFO","level_value":20000}
{"timestamp":"2025-06-01T00:15:13.4359625-05:00","@version":"1","message":"Starting Servlet engine: [Apache Tomcat/10.1.41]","logger":"org.apache.catalina.core.StandardEngine","thread":"main","level":"INFO","level_value":20000}
{"timestamp":"2025-06-01T00:15:13.7137907-05:00","@version":"1","message":"Initializing Spring embedded WebApplicationContext","logger":"org.apache.catalina.core.ContainerBase.[Tomcat].[localhost].[/]","thread":"main","level":"INFO","level_value":20000}
{"timestamp":"2025-06-01T00:15:13.7147907-05:00","@version":"1","message":"Root WebApplicationContext: initialization completed in 5633 ms","logger":"org.springframework.boot.web.servlet.context.ServletWebServerApplicationContext","thread":"main","level":"INFO","level_value":20000}
{"timestamp":"2025-06-01T00:15:14.5497954-05:00","@version":"1","message":"HHH000204: Processing PersistenceUnitInfo [name: default]","logger":"org.hibernate.jpa.internal.util.LogHelper","thread":"main","level":"INFO","level_value":20000}
{"timestamp":"2025-06-01T00:15:14.6952181-05:00","@version":"1","message":"HHH000412: Hibernate ORM core version 6.6.15.Final","logger":"org.hibernate.Version","thread":"main","level":"INFO","level_value":20000}
{"timestamp":"2025-06-01T00:15:14.8411288-05:00","@version":"1","message":"HHH000026: Second-level cache disabled","logger":"org.hibernate.cache.internal.RegionFactoryInitiator","thread":"main","level":"INFO","level_value":20000}
{"timestamp":"2025-06-01T00:15:15.7260987-05:00","@version":"1","message":"No LoadTimeWeaver setup: ignoring JPA class transformer","logger":"org.springframework.orm.jpa.persistenceunit.SpringPersistenceUnitInfo","thread":"main","level":"INFO","level_value":20000}
{"timestamp":"2025-06-01T00:15:15.8210406-05:00","@version":"1","message":"HikariPool-1 - Starting...","logger":"com.zaxxer.hikari.HikariDataSource","thread":"main","level":"INFO","level_value":20000}
{"timestamp":"2025-06-01T00:15:16.3057403-05:00","@version":"1","message":"HikariPool-1 - Added connection org.postgresql.jdbc.PgConnection@4e0802e0","logger":"com.zaxxer.hikari.pool.HikariPool","thread":"main","level":"INFO","level_value":20000}
{"timestamp":"2025-06-01T00:15:16.3107369-05:00","@version":"1","message":"HikariPool-1 - Start completed.","logger":"com.zaxxer.hikari.HikariDataSource","thread":"main","level":"INFO","level_value":20000}
{"timestamp":"2025-06-01T00:15:16.3976833-05:00","@version":"1","message":"HHH90000025: PostgreSQLDialect does not need to be specified explicitly using 'hibernate.dialect' (remove the property setting and it will be selected by default)","logger":"org.hibernate.orm.deprecation","thread":"main","level":"WARN","level_value":30000}
{"timestamp":"2025-06-01T00:15:16.4801514-05:00","@version":"1","message":"HHH10001005: Database info:\n\tDatabase JDBC URL [Connecting through datasource 'HikariDataSource (HikariPool-1)']\n\tDatabase driver: undefined/unknown\n\tDatabase version: 16.0\n\tAutocommit mode: undefined/unknown\n\tIsolation level: undefined/unknown\n\tMinimum pool size: undefined/unknown\n\tMaximum pool size: undefined/unknown","logger":"org.hibernate.orm.connections.pooling","thread":"main","level":"INFO","level_value":20000}
{"timestamp":"2025-06-01T00:15:19.0586349-05:00","@version":"1","message":"HHH000489: No JTA platform available (set 'hibernate.transaction.jta.platform' to enable JTA platform integration)","logger":"org.hibernate.engine.transaction.jta.platform.internal.JtaPlatformInitiator","thread":"main","level":"INFO","level_value":20000}
{"timestamp":"2025-06-01T00:15:19.1515754-05:00","@version":"1","message":"Initialized JPA EntityManagerFactory for persistence unit 'default'","logger":"org.springframework.orm.jpa.LocalContainerEntityManagerFactoryBean","thread":"main","level":"INFO","level_value":20000}
{"timestamp":"2025-06-01T00:15:20.6536425-05:00","@version":"1","message":"spring.jpa.open-in-view is enabled by default. Therefore, database queries may be performed during view rendering. Explicitly configure spring.jpa.open-in-view to disable this warning","logger":"org.springframework.boot.autoconfigure.orm.jpa.JpaBaseConfiguration$JpaWebConfiguration","thread":"main","level":"WARN","level_value":30000}
{"timestamp":"2025-06-01T00:15:20.8155422-05:00","@version":"1","message":"Failed to set up a Bean Validation provider: jakarta.validation.NoProviderFoundException: Unable to create a Configuration, because no Jakarta Bean Validation provider could be found. Add a provider like Hibernate Validator (RI) to your classpath.","logger":"org.springframework.validation.beanvalidation.OptionalValidatorFactoryBean","thread":"main","level":"INFO","level_value":20000}
{"timestamp":"2025-06-01T00:15:24.2148649-05:00","@version":"1","message":"Cannot determine local hostname","logger":"org.springframework.cloud.commons.util.InetUtils","thread":"main","level":"INFO","level_value":20000}
{"timestamp":"2025-06-01T00:15:24.3058063-05:00","@version":"1","message":"Exposing 16 endpoints beneath base path '/actuator'","logger":"org.springframework.boot.actuate.endpoint.web.EndpointLinksResolver","thread":"main","level":"INFO","level_value":20000}
{"timestamp":"2025-06-01T00:15:24.6336037-05:00","@version":"1","message":"Tomcat started on port 8082 (http) with context path '/'","logger":"org.springframework.boot.web.embedded.tomcat.TomcatWebServer","thread":"main","level":"INFO","level_value":20000}
{"timestamp":"2025-06-01T00:15:25.7699445-05:00","@version":"1","message":"Cannot determine local hostname","logger":"org.springframework.cloud.commons.util.InetUtils","thread":"main","level":"INFO","level_value":20000}
{"timestamp":"2025-06-01T00:15:25.8189119-05:00","@version":"1","message":"Started ProductServiceApplication in 21.355 seconds (process running for 22.984)","logger":"com.nicholassr.product_service.ProductServiceApplication","thread":"main","level":"INFO","level_value":20000}
{"timestamp":"2025-06-01T00:17:17.9883335-05:00","@version":"1","message":"Initializing Spring DispatcherServlet 'dispatcherServlet'","logger":"org.apache.catalina.core.ContainerBase.[Tomcat].[localhost].[/]","thread":"http-nio-8082-exec-1","level":"INFO","level_value":20000}
{"timestamp":"2025-06-01T00:17:17.9903334-05:00","@version":"1","message":"Initializing Servlet 'dispatcherServlet'","logger":"org.springframework.web.servlet.DispatcherServlet","thread":"http-nio-8082-exec-1","level":"INFO","level_value":20000}
{"timestamp":"2025-06-01T00:17:17.9953304-05:00","@version":"1","message":"Completed initialization in 4 ms","logger":"org.springframework.web.servlet.DispatcherServlet","thread":"http-nio-8082-exec-1","level":"INFO","level_value":20000}
{"timestamp":"2025-06-01T00:17:18.221191-05:00","@version":"1","message":"Resolved [org.springframework.web.HttpMediaTypeNotSupportedException: Content-Type 'application/json' is not supported]","logger":"org.springframework.web.servlet.mvc.support.DefaultHandlerExceptionResolver","thread":"http-nio-8082-exec-1","level":"WARN","level_value":30000}
{"timestamp":"2025-06-01T00:18:27.00535-05:00","@version":"1","message":"Producto actualizado: 3","logger":"com.nicholassr.product_service.controller.ProductController","thread":"http-nio-8082-exec-4","level":"INFO","level_value":20000}
{"timestamp":"2025-06-01T00:22:18.8563556-05:00","@version":"1","message":"Commencing graceful shutdown. Waiting for active requests to complete","logger":"org.springframework.boot.web.embedded.tomcat.GracefulShutdown","thread":"SpringApplicationShutdownHook","level":"INFO","level_value":20000}
{"timestamp":"2025-06-01T00:22:19.0160569-05:00","@version":"1","message":"Graceful shutdown complete","logger":"org.springframework.boot.web.embedded.tomcat.GracefulShutdown","thread":"tomcat-shutdown","level":"INFO","level_value":20000}
{"timestamp":"2025-06-01T00:22:19.0270534-05:00","@version":"1","message":"Closing JPA EntityManagerFactory for persistence unit 'default'","logger":"org.springframework.orm.jpa.LocalContainerEntityManagerFactoryBean","thread":"SpringApplicationShutdownHook","level":"INFO","level_value":20000}
{"timestamp":"2025-06-01T00:22:19.0310477-05:00","@version":"1","message":"HikariPool-1 - Shutdown initiated...","logger":"com.zaxxer.hikari.HikariDataSource","thread":"SpringApplicationShutdownHook","level":"INFO","level_value":20000}
{"timestamp":"2025-06-01T00:22:19.0580331-05:00","@version":"1","message":"HikariPool-1 - Shutdown completed.","logger":"com.zaxxer.hikari.HikariDataSource","thread":"SpringApplicationShutdownHook","level":"INFO","level_value":20000}
{"timestamp":"2025-06-01T00:22:35.1846445-05:00","@version":"1","message":"Starting ProductServiceApplication using Java 17.0.9 with PID 24180 (C:\\Users\\brandon.silva\\Desktop\\microservices-json-api\\product-service\\target\\classes started by brandon.silva in C:\\Users\\brandon.silva\\Desktop\\microservices-json-api)","logger":"com.nicholassr.product_service.ProductServiceApplication","thread":"main","level":"INFO","level_value":20000}
{"timestamp":"2025-06-01T00:22:35.2126264-05:00","@version":"1","message":"No active profile set, falling back to 1 default profile: \"default\"","logger":"com.nicholassr.product_service.ProductServiceApplication","thread":"main","level":"INFO","level_value":20000}
{"timestamp":"2025-06-01T00:22:38.5355706-05:00","@version":"1","message":"Bootstrapping Spring Data JPA repositories in DEFAULT mode.","logger":"org.springframework.data.repository.config.RepositoryConfigurationDelegate","thread":"main","level":"INFO","level_value":20000}
{"timestamp":"2025-06-01T00:22:38.696474-05:00","@version":"1","message":"Finished Spring Data repository scanning in 121 ms. Found 1 JPA repository interface.","logger":"org.springframework.data.repository.config.RepositoryConfigurationDelegate","thread":"main","level":"INFO","level_value":20000}
{"timestamp":"2025-06-01T00:22:39.083234-05:00","@version":"1","message":"BeanFactory id=2c8fdbab-7c8b-3916-b98b-c74ca8964327","logger":"org.springframework.cloud.context.scope.GenericScope","thread":"main","level":"INFO","level_value":20000}
{"timestamp":"2025-06-01T00:22:40.2675006-05:00","@version":"1","message":"Tomcat initialized with port 8082 (http)","logger":"org.springframework.boot.web.embedded.tomcat.TomcatWebServer","thread":"main","level":"INFO","level_value":20000}
{"timestamp":"2025-06-01T00:22:40.3004791-05:00","@version":"1","message":"Starting service [Tomcat]","logger":"org.apache.catalina.core.StandardService","thread":"main","level":"INFO","level_value":20000}
{"timestamp":"2025-06-01T00:22:40.3014795-05:00","@version":"1","message":"Starting Servlet engine: [Apache Tomcat/10.1.41]","logger":"org.apache.catalina.core.StandardEngine","thread":"main","level":"INFO","level_value":20000}
{"timestamp":"2025-06-01T00:22:40.5333361-05:00","@version":"1","message":"Initializing Spring embedded WebApplicationContext","logger":"org.apache.catalina.core.ContainerBase.[Tomcat].[localhost].[/]","thread":"main","level":"INFO","level_value":20000}
{"timestamp":"2025-06-01T00:22:40.536336-05:00","@version":"1","message":"Root WebApplicationContext: initialization completed in 5227 ms","logger":"org.springframework.boot.web.servlet.context.ServletWebServerApplicationContext","thread":"main","level":"INFO","level_value":20000}
{"timestamp":"2025-06-01T00:22:41.4037972-05:00","@version":"1","message":"HHH000204: Processing PersistenceUnitInfo [name: default]","logger":"org.hibernate.jpa.internal.util.LogHelper","thread":"main","level":"INFO","level_value":20000}
{"timestamp":"2025-06-01T00:22:41.5557038-05:00","@version":"1","message":"HHH000412: Hibernate ORM core version 6.6.15.Final","logger":"org.hibernate.Version","thread":"main","level":"INFO","level_value":20000}
{"timestamp":"2025-06-01T00:22:41.6686354-05:00","@version":"1","message":"HHH000026: Second-level cache disabled","logger":"org.hibernate.cache.internal.RegionFactoryInitiator","thread":"main","level":"INFO","level_value":20000}
{"timestamp":"2025-06-01T00:22:42.50012-05:00","@version":"1","message":"No LoadTimeWeaver setup: ignoring JPA class transformer","logger":"org.springframework.orm.jpa.persistenceunit.SpringPersistenceUnitInfo","thread":"main","level":"INFO","level_value":20000}
{"timestamp":"2025-06-01T00:22:42.60106-05:00","@version":"1","message":"HikariPool-1 - Starting...","logger":"com.zaxxer.hikari.HikariDataSource","thread":"main","level":"INFO","level_value":20000}
{"timestamp":"2025-06-01T00:22:43.087757-05:00","@version":"1","message":"HikariPool-1 - Added connection org.postgresql.jdbc.PgConnection@4e0802e0","logger":"com.zaxxer.hikari.pool.HikariPool","thread":"main","level":"INFO","level_value":20000}
{"timestamp":"2025-06-01T00:22:43.0917554-05:00","@version":"1","message":"HikariPool-1 - Start completed.","logger":"com.zaxxer.hikari.HikariDataSource","thread":"main","level":"INFO","level_value":20000}
{"timestamp":"2025-06-01T00:22:43.1687067-05:00","@version":"1","message":"HHH90000025: PostgreSQLDialect does not need to be specified explicitly using 'hibernate.dialect' (remove the property setting and it will be selected by default)","logger":"org.hibernate.orm.deprecation","thread":"main","level":"WARN","level_value":30000}
{"timestamp":"2025-06-01T00:22:43.2326671-05:00","@version":"1","message":"HHH10001005: Database info:\n\tDatabase JDBC URL [Connecting through datasource 'HikariDataSource (HikariPool-1)']\n\tDatabase driver: undefined/unknown\n\tDatabase version: 16.0\n\tAutocommit mode: undefined/unknown\n\tIsolation level: undefined/unknown\n\tMinimum pool size: undefined/unknown\n\tMaximum pool size: undefined/unknown","logger":"org.hibernate.orm.connections.pooling","thread":"main","level":"INFO","level_value":20000}
{"timestamp":"2025-06-01T00:22:45.8031464-05:00","@version":"1","message":"HHH000489: No JTA platform available (set 'hibernate.transaction.jta.platform' to enable JTA platform integration)","logger":"org.hibernate.engine.transaction.jta.platform.internal.JtaPlatformInitiator","thread":"main","level":"INFO","level_value":20000}
{"timestamp":"2025-06-01T00:22:45.9150748-05:00","@version":"1","message":"Initialized JPA EntityManagerFactory for persistence unit 'default'","logger":"org.springframework.orm.jpa.LocalContainerEntityManagerFactoryBean","thread":"main","level":"INFO","level_value":20000}
{"timestamp":"2025-06-01T00:22:47.2350091-05:00","@version":"1","message":"spring.jpa.open-in-view is enabled by default. Therefore, database queries may be performed during view rendering. Explicitly configure spring.jpa.open-in-view to disable this warning","logger":"org.springframework.boot.autoconfigure.orm.jpa.JpaBaseConfiguration$JpaWebConfiguration","thread":"main","level":"WARN","level_value":30000}
{"timestamp":"2025-06-01T00:22:47.3699255-05:00","@version":"1","message":"Failed to set up a Bean Validation provider: jakarta.validation.NoProviderFoundException: Unable to create a Configuration, because no Jakarta Bean Validation provider could be found. Add a provider like Hibernate Validator (RI) to your classpath.","logger":"org.springframework.validation.beanvalidation.OptionalValidatorFactoryBean","thread":"main","level":"INFO","level_value":20000}
{"timestamp":"2025-06-01T00:22:51.219368-05:00","@version":"1","message":"Cannot determine local hostname","logger":"org.springframework.cloud.commons.util.InetUtils","thread":"main","level":"INFO","level_value":20000}
{"timestamp":"2025-06-01T00:22:51.2923187-05:00","@version":"1","message":"Exposing 16 endpoints beneath base path '/actuator'","logger":"org.springframework.boot.actuate.endpoint.web.EndpointLinksResolver","thread":"main","level":"INFO","level_value":20000}
{"timestamp":"2025-06-01T00:22:51.578143-05:00","@version":"1","message":"Tomcat started on port 8082 (http) with context path '/'","logger":"org.springframework.boot.web.embedded.tomcat.TomcatWebServer","thread":"main","level":"INFO","level_value":20000}
{"timestamp":"2025-06-01T00:22:53.1159236-05:00","@version":"1","message":"Cannot determine local hostname","logger":"org.springframework.cloud.commons.util.InetUtils","thread":"main","level":"INFO","level_value":20000}
{"timestamp":"2025-06-01T00:22:53.1768872-05:00","@version":"1","message":"Started ProductServiceApplication in 21.241 seconds (process running for 22.912)","logger":"com.nicholassr.product_service.ProductServiceApplication","thread":"main","level":"INFO","level_value":20000}
{"timestamp":"2025-06-01T00:25:03.6672774-05:00","@version":"1","message":"Initializing Spring DispatcherServlet 'dispatcherServlet'","logger":"org.apache.catalina.core.ContainerBase.[Tomcat].[localhost].[/]","thread":"http-nio-8082-exec-1","level":"INFO","level_value":20000}
{"timestamp":"2025-06-01T00:25:03.6802689-05:00","@version":"1","message":"Initializing Servlet 'dispatcherServlet'","logger":"org.springframework.web.servlet.DispatcherServlet","thread":"http-nio-8082-exec-1","level":"INFO","level_value":20000}
{"timestamp":"2025-06-01T00:25:03.6882661-05:00","@version":"1","message":"Completed initialization in 2 ms","logger":"org.springframework.web.servlet.DispatcherServlet","thread":"http-nio-8082-exec-1","level":"INFO","level_value":20000}
{"timestamp":"2025-06-01T00:25:04.3608487-05:00","@version":"1","message":"Listando productos, página: 0, tamaño: 10, total elementos: 3","logger":"com.nicholassr.product_service.controller.ProductController","thread":"http-nio-8082-exec-1","level":"INFO","level_value":20000}
{"timestamp":"2025-06-01T00:25:37.500529-05:00","@version":"1","message":"Producto actualizado: 3","logger":"com.nicholassr.product_service.controller.ProductController","thread":"http-nio-8082-exec-3","level":"INFO","level_value":20000}
{"timestamp":"2025-06-01T00:26:22.7635231-05:00","@version":"1","message":"Producto actualizado: 3","logger":"com.nicholassr.product_service.controller.ProductController","thread":"http-nio-8082-exec-4","level":"INFO","level_value":20000}
{"timestamp":"2025-06-01T00:28:26.7179791-05:00","@version":"1","message":"Commencing graceful shutdown. Waiting for active requests to complete","logger":"org.springframework.boot.web.embedded.tomcat.GracefulShutdown","thread":"SpringApplicationShutdownHook","level":"INFO","level_value":20000}
{"timestamp":"2025-06-01T00:28:26.9968073-05:00","@version":"1","message":"Graceful shutdown complete","logger":"org.springframework.boot.web.embedded.tomcat.GracefulShutdown","thread":"tomcat-shutdown","level":"INFO","level_value":20000}
{"timestamp":"2025-06-01T00:28:27.0267891-05:00","@version":"1","message":"Closing JPA EntityManagerFactory for persistence unit 'default'","logger":"org.springframework.orm.jpa.LocalContainerEntityManagerFactoryBean","thread":"SpringApplicationShutdownHook","level":"INFO","level_value":20000}
{"timestamp":"2025-06-01T00:28:27.0567707-05:00","@version":"1","message":"HikariPool-1 - Shutdown initiated...","logger":"com.zaxxer.hikari.HikariDataSource","thread":"SpringApplicationShutdownHook","level":"INFO","level_value":20000}
{"timestamp":"2025-06-01T00:28:27.1107366-05:00","@version":"1","message":"HikariPool-1 - Shutdown completed.","logger":"com.zaxxer.hikari.HikariDataSource","thread":"SpringApplicationShutdownHook","level":"INFO","level_value":20000}
{"timestamp":"2025-06-01T00:28:59.8320083-05:00","@version":"1","message":"Starting ProductServiceApplication using Java 17.0.9 with PID 20596 (C:\\Users\\brandon.silva\\Desktop\\microservices-json-api\\product-service\\target\\classes started by brandon.silva in C:\\Users\\brandon.silva\\Desktop\\microservices-json-api)","logger":"com.nicholassr.product_service.ProductServiceApplication","thread":"main","level":"INFO","level_value":20000}
{"timestamp":"2025-06-01T00:28:59.86299-05:00","@version":"1","message":"No active profile set, falling back to 1 default profile: \"default\"","logger":"com.nicholassr.product_service.ProductServiceApplication","thread":"main","level":"INFO","level_value":20000}
{"timestamp":"2025-06-01T00:29:05.6062582-05:00","@version":"1","message":"Bootstrapping Spring Data JPA repositories in DEFAULT mode.","logger":"org.springframework.data.repository.config.RepositoryConfigurationDelegate","thread":"main","level":"INFO","level_value":20000}
{"timestamp":"2025-06-01T00:29:05.79814-05:00","@version":"1","message":"Finished Spring Data repository scanning in 149 ms. Found 1 JPA repository interface.","logger":"org.springframework.data.repository.config.RepositoryConfigurationDelegate","thread":"main","level":"INFO","level_value":20000}
{"timestamp":"2025-06-01T00:29:06.5421971-05:00","@version":"1","message":"BeanFactory id=2c8fdbab-7c8b-3916-b98b-c74ca8964327","logger":"org.springframework.cloud.context.scope.GenericScope","thread":"main","level":"INFO","level_value":20000}
{"timestamp":"2025-06-01T00:29:08.2224792-05:00","@version":"1","message":"Tomcat initialized with port 8082 (http)","logger":"org.springframework.boot.web.embedded.tomcat.TomcatWebServer","thread":"main","level":"INFO","level_value":20000}
{"timestamp":"2025-06-01T00:29:08.2634536-05:00","@version":"1","message":"Starting service [Tomcat]","logger":"org.apache.catalina.core.StandardService","thread":"main","level":"INFO","level_value":20000}
{"timestamp":"2025-06-01T00:29:08.2644521-05:00","@version":"1","message":"Starting Servlet engine: [Apache Tomcat/10.1.41]","logger":"org.apache.catalina.core.StandardEngine","thread":"main","level":"INFO","level_value":20000}
{"timestamp":"2025-06-01T00:29:08.5722617-05:00","@version":"1","message":"Initializing Spring embedded WebApplicationContext","logger":"org.apache.catalina.core.ContainerBase.[Tomcat].[localhost].[/]","thread":"main","level":"INFO","level_value":20000}
{"timestamp":"2025-06-01T00:29:08.5742618-05:00","@version":"1","message":"Root WebApplicationContext: initialization completed in 8593 ms","logger":"org.springframework.boot.web.servlet.context.ServletWebServerApplicationContext","thread":"main","level":"INFO","level_value":20000}
{"timestamp":"2025-06-01T00:29:09.6046244-05:00","@version":"1","message":"HHH000204: Processing PersistenceUnitInfo [name: default]","logger":"org.hibernate.jpa.internal.util.LogHelper","thread":"main","level":"INFO","level_value":20000}
{"timestamp":"2025-06-01T00:29:09.7595275-05:00","@version":"1","message":"HHH000412: Hibernate ORM core version 6.6.15.Final","logger":"org.hibernate.Version","thread":"main","level":"INFO","level_value":20000}
{"timestamp":"2025-06-01T00:29:09.8699725-05:00","@version":"1","message":"HHH000026: Second-level cache disabled","logger":"org.hibernate.cache.internal.RegionFactoryInitiator","thread":"main","level":"INFO","level_value":20000}
{"timestamp":"2025-06-01T00:29:10.7753789-05:00","@version":"1","message":"No LoadTimeWeaver setup: ignoring JPA class transformer","logger":"org.springframework.orm.jpa.persistenceunit.SpringPersistenceUnitInfo","thread":"main","level":"INFO","level_value":20000}
{"timestamp":"2025-06-01T00:29:10.8483359-05:00","@version":"1","message":"HikariPool-1 - Starting...","logger":"com.zaxxer.hikari.HikariDataSource","thread":"main","level":"INFO","level_value":20000}
{"timestamp":"2025-06-01T00:29:11.2081134-05:00","@version":"1","message":"HikariPool-1 - Added connection org.postgresql.jdbc.PgConnection@7b54a0a4","logger":"com.zaxxer.hikari.pool.HikariPool","thread":"main","level":"INFO","level_value":20000}
{"timestamp":"2025-06-01T00:29:11.2111111-05:00","@version":"1","message":"HikariPool-1 - Start completed.","logger":"com.zaxxer.hikari.HikariDataSource","thread":"main","level":"INFO","level_value":20000}
{"timestamp":"2025-06-01T00:29:11.2930612-05:00","@version":"1","message":"HHH90000025: PostgreSQLDialect does not need to be specified explicitly using 'hibernate.dialect' (remove the property setting and it will be selected by default)","logger":"org.hibernate.orm.deprecation","thread":"main","level":"WARN","level_value":30000}
{"timestamp":"2025-06-01T00:29:11.3650149-05:00","@version":"1","message":"HHH10001005: Database info:\n\tDatabase JDBC URL [Connecting through datasource 'HikariDataSource (HikariPool-1)']\n\tDatabase driver: undefined/unknown\n\tDatabase version: 16.0\n\tAutocommit mode: undefined/unknown\n\tIsolation level: undefined/unknown\n\tMinimum pool size: undefined/unknown\n\tMaximum pool size: undefined/unknown","logger":"org.hibernate.orm.connections.pooling","thread":"main","level":"INFO","level_value":20000}
{"timestamp":"2025-06-01T00:29:13.7905706-05:00","@version":"1","message":"HHH000489: No JTA platform available (set 'hibernate.transaction.jta.platform' to enable JTA platform integration)","logger":"org.hibernate.engine.transaction.jta.platform.internal.JtaPlatformInitiator","thread":"main","level":"INFO","level_value":20000}
{"timestamp":"2025-06-01T00:29:13.890508-05:00","@version":"1","message":"Initialized JPA EntityManagerFactory for persistence unit 'default'","logger":"org.springframework.orm.jpa.LocalContainerEntityManagerFactoryBean","thread":"main","level":"INFO","level_value":20000}
{"timestamp":"2025-06-01T00:29:15.0880423-05:00","@version":"1","message":"spring.jpa.open-in-view is enabled by default. Therefore, database queries may be performed during view rendering. Explicitly configure spring.jpa.open-in-view to disable this warning","logger":"org.springframework.boot.autoconfigure.orm.jpa.JpaBaseConfiguration$JpaWebConfiguration","thread":"main","level":"WARN","level_value":30000}
{"timestamp":"2025-06-01T00:29:15.184497-05:00","@version":"1","message":"Failed to set up a Bean Validation provider: jakarta.validation.NoProviderFoundException: Unable to create a Configuration, because no Jakarta Bean Validation provider could be found. Add a provider like Hibernate Validator (RI) to your classpath.","logger":"org.springframework.validation.beanvalidation.OptionalValidatorFactoryBean","thread":"main","level":"INFO","level_value":20000}
{"timestamp":"2025-06-01T00:29:17.9539694-05:00","@version":"1","message":"Cannot determine local hostname","logger":"org.springframework.cloud.commons.util.InetUtils","thread":"main","level":"INFO","level_value":20000}
{"timestamp":"2025-06-01T00:29:18.0329174-05:00","@version":"1","message":"Exposing 16 endpoints beneath base path '/actuator'","logger":"org.springframework.boot.actuate.endpoint.web.EndpointLinksResolver","thread":"main","level":"INFO","level_value":20000}
{"timestamp":"2025-06-01T00:29:18.2767657-05:00","@version":"1","message":"Tomcat started on port 8082 (http) with context path '/'","logger":"org.springframework.boot.web.embedded.tomcat.TomcatWebServer","thread":"main","level":"INFO","level_value":20000}
{"timestamp":"2025-06-01T00:29:19.4752482-05:00","@version":"1","message":"Cannot determine local hostname","logger":"org.springframework.cloud.commons.util.InetUtils","thread":"main","level":"INFO","level_value":20000}
{"timestamp":"2025-06-01T00:29:19.5532001-05:00","@version":"1","message":"Started ProductServiceApplication in 24.399 seconds (process running for 26.399)","logger":"com.nicholassr.product_service.ProductServiceApplication","thread":"main","level":"INFO","level_value":20000}
{"timestamp":"2025-06-01T00:29:29.6290091-05:00","@version":"1","message":"Initializing Spring DispatcherServlet 'dispatcherServlet'","logger":"org.apache.catalina.core.ContainerBase.[Tomcat].[localhost].[/]","thread":"http-nio-8082-exec-1","level":"INFO","level_value":20000}
{"timestamp":"2025-06-01T00:29:29.6300081-05:00","@version":"1","message":"Initializing Servlet 'dispatcherServlet'","logger":"org.springframework.web.servlet.DispatcherServlet","thread":"http-nio-8082-exec-1","level":"INFO","level_value":20000}
{"timestamp":"2025-06-01T00:29:29.636004-05:00","@version":"1","message":"Completed initialization in 5 ms","logger":"org.springframework.web.servlet.DispatcherServlet","thread":"http-nio-8082-exec-1","level":"INFO","level_value":20000}
{"timestamp":"2025-06-01T00:29:30.6560301-05:00","@version":"1","message":"Listando productos, página: 0, tamaño: 10, total elementos: 3","logger":"com.nicholassr.product_service.controller.ProductController","thread":"http-nio-8082-exec-1","level":"INFO","level_value":20000}
{"timestamp":"2025-06-01T00:29:57.2244952-05:00","@version":"1","message":"Producto eliminado: 2","logger":"com.nicholassr.product_service.controller.ProductController","thread":"http-nio-8082-exec-3","level":"INFO","level_value":20000}
{"timestamp":"2025-06-01T00:34:50.3017833-05:00","@version":"1","message":"Producto creado: 5","logger":"com.nicholassr.product_service.controller.ProductController","thread":"http-nio-8082-exec-6","level":"INFO","level_value":20000}
{"timestamp":"2025-06-01T00:35:17.7888309-05:00","@version":"1","message":"Producto creado: 6","logger":"com.nicholassr.product_service.controller.ProductController","thread":"http-nio-8082-exec-7","level":"INFO","level_value":20000}
{"timestamp":"2025-06-01T00:35:35.3628614-05:00","@version":"1","message":"Producto creado: 7","logger":"com.nicholassr.product_service.controller.ProductController","thread":"http-nio-8082-exec-8","level":"INFO","level_value":20000}
{"timestamp":"2025-06-01T00:35:46.6017609-05:00","@version":"1","message":"Producto creado: 8","logger":"com.nicholassr.product_service.controller.ProductController","thread":"http-nio-8082-exec-9","level":"INFO","level_value":20000}
{"timestamp":"2025-06-01T00:35:57.7954533-05:00","@version":"1","message":"Producto creado: 9","logger":"com.nicholassr.product_service.controller.ProductController","thread":"http-nio-8082-exec-10","level":"INFO","level_value":20000}
{"timestamp":"2025-06-01T00:36:08.7935054-05:00","@version":"1","message":"Producto creado: 10","logger":"com.nicholassr.product_service.controller.ProductController","thread":"http-nio-8082-exec-2","level":"INFO","level_value":20000}
{"timestamp":"2025-06-01T00:36:20.2270998-05:00","@version":"1","message":"Producto creado: 11","logger":"com.nicholassr.product_service.controller.ProductController","thread":"http-nio-8082-exec-1","level":"INFO","level_value":20000}
{"timestamp":"2025-06-01T00:36:55.4496364-05:00","@version":"1","message":"Producto creado: 12","logger":"com.nicholassr.product_service.controller.ProductController","thread":"http-nio-8082-exec-3","level":"INFO","level_value":20000}
{"timestamp":"2025-06-01T00:37:08.4324316-05:00","@version":"1","message":"Producto creado: 13","logger":"com.nicholassr.product_service.controller.ProductController","thread":"http-nio-8082-exec-4","level":"INFO","level_value":20000}
{"timestamp":"2025-06-01T00:37:17.7758355-05:00","@version":"1","message":"Producto creado: 14","logger":"com.nicholassr.product_service.controller.ProductController","thread":"http-nio-8082-exec-5","level":"INFO","level_value":20000}
{"timestamp":"2025-06-01T00:37:35.6639722-05:00","@version":"1","message":"Listando productos, página: 0, tamaño: 10, total elementos: 12","logger":"com.nicholassr.product_service.controller.ProductController","thread":"http-nio-8082-exec-6","level":"INFO","level_value":20000}
{"timestamp":"2025-06-01T00:39:46.2888893-05:00","@version":"1","message":"Listando productos, página: 0, tamaño: 10, total elementos: 12","logger":"com.nicholassr.product_service.controller.ProductController","thread":"http-nio-8082-exec-8","level":"INFO","level_value":20000}
{"timestamp":"2025-06-01T00:39:56.2514741-05:00","@version":"1","message":"Listando productos, página: 1, tamaño: 10, total elementos: 12","logger":"com.nicholassr.product_service.controller.ProductController","thread":"http-nio-8082-exec-10","level":"INFO","level_value":20000}
{"timestamp":"2025-06-01T00:40:36.8653199-05:00","@version":"1","message":"Producto creado: 15","logger":"com.nicholassr.product_service.controller.ProductController","thread":"http-nio-8082-exec-2","level":"INFO","level_value":20000}
{"timestamp":"2025-06-01T00:40:53.7337508-05:00","@version":"1","message":"Producto creado: 16","logger":"com.nicholassr.product_service.controller.ProductController","thread":"http-nio-8082-exec-1","level":"INFO","level_value":20000}
{"timestamp":"2025-06-01T00:41:02.4205968-05:00","@version":"1","message":"Producto creado: 17","logger":"com.nicholassr.product_service.controller.ProductController","thread":"http-nio-8082-exec-3","level":"INFO","level_value":20000}
{"timestamp":"2025-06-01T00:41:22.3610871-05:00","@version":"1","message":"Listando productos, página: 1, tamaño: 10, total elementos: 15","logger":"com.nicholassr.product_service.controller.ProductController","thread":"http-nio-8082-exec-4","level":"INFO","level_value":20000}
{"timestamp":"2025-06-01T00:45:48.1133407-05:00","@version":"1","message":"Commencing graceful shutdown. Waiting for active requests to complete","logger":"org.springframework.boot.web.embedded.tomcat.GracefulShutdown","thread":"SpringApplicationShutdownHook","level":"INFO","level_value":20000}
{"timestamp":"2025-06-01T00:45:48.3072193-05:00","@version":"1","message":"Graceful shutdown complete","logger":"org.springframework.boot.web.embedded.tomcat.GracefulShutdown","thread":"tomcat-shutdown","level":"INFO","level_value":20000}
{"timestamp":"2025-06-01T00:45:48.3272079-05:00","@version":"1","message":"Closing JPA EntityManagerFactory for persistence unit 'default'","logger":"org.springframework.orm.jpa.LocalContainerEntityManagerFactoryBean","thread":"SpringApplicationShutdownHook","level":"INFO","level_value":20000}
{"timestamp":"2025-06-01T00:45:48.3402001-05:00","@version":"1","message":"HikariPool-1 - Shutdown initiated...","logger":"com.zaxxer.hikari.HikariDataSource","thread":"SpringApplicationShutdownHook","level":"INFO","level_value":20000}
{"timestamp":"2025-06-01T00:45:48.3901692-05:00","@version":"1","message":"HikariPool-1 - Shutdown completed.","logger":"com.zaxxer.hikari.HikariDataSource","thread":"SpringApplicationShutdownHook","level":"INFO","level_value":20000}
{"timestamp":"2025-06-01T00:49:50.0588259-05:00","@version":"1","message":"Starting ProductServiceApplication using Java 17.0.9 with PID 12948 (C:\\Users\\brandon.silva\\Desktop\\microservices-json-api\\product-service\\target\\classes started by brandon.silva in C:\\Users\\brandon.silva\\Desktop\\microservices-json-api)","logger":"com.nicholassr.product_service.ProductServiceApplication","thread":"main","level":"INFO","level_value":20000}
{"timestamp":"2025-06-01T00:49:50.0888081-05:00","@version":"1","message":"No active profile set, falling back to 1 default profile: \"default\"","logger":"com.nicholassr.product_service.ProductServiceApplication","thread":"main","level":"INFO","level_value":20000}
{"timestamp":"2025-06-01T00:49:53.8527744-05:00","@version":"1","message":"Bootstrapping Spring Data JPA repositories in DEFAULT mode.","logger":"org.springframework.data.repository.config.RepositoryConfigurationDelegate","thread":"main","level":"INFO","level_value":20000}
{"timestamp":"2025-06-01T00:49:54.0106774-05:00","@version":"1","message":"Finished Spring Data repository scanning in 126 ms. Found 1 JPA repository interface.","logger":"org.springframework.data.repository.config.RepositoryConfigurationDelegate","thread":"main","level":"INFO","level_value":20000}
{"timestamp":"2025-06-01T00:49:54.3789643-05:00","@version":"1","message":"BeanFactory id=2c8fdbab-7c8b-3916-b98b-c74ca8964327","logger":"org.springframework.cloud.context.scope.GenericScope","thread":"main","level":"INFO","level_value":20000}
{"timestamp":"2025-06-01T00:49:55.7276796-05:00","@version":"1","message":"Tomcat initialized with port 8082 (http)","logger":"org.springframework.boot.web.embedded.tomcat.TomcatWebServer","thread":"main","level":"INFO","level_value":20000}
{"timestamp":"2025-06-01T00:49:55.7616576-05:00","@version":"1","message":"Starting service [Tomcat]","logger":"org.apache.catalina.core.StandardService","thread":"main","level":"INFO","level_value":20000}
{"timestamp":"2025-06-01T00:49:55.7626565-05:00","@version":"1","message":"Starting Servlet engine: [Apache Tomcat/10.1.41]","logger":"org.apache.catalina.core.StandardEngine","thread":"main","level":"INFO","level_value":20000}
{"timestamp":"2025-06-01T00:49:55.9280691-05:00","@version":"1","message":"Initializing Spring embedded WebApplicationContext","logger":"org.apache.catalina.core.ContainerBase.[Tomcat].[localhost].[/]","thread":"main","level":"INFO","level_value":20000}
{"timestamp":"2025-06-01T00:49:55.9290666-05:00","@version":"1","message":"Root WebApplicationContext: initialization completed in 5710 ms","logger":"org.springframework.boot.web.servlet.context.ServletWebServerApplicationContext","thread":"main","level":"INFO","level_value":20000}
{"timestamp":"2025-06-01T00:49:56.7930456-05:00","@version":"1","message":"HHH000204: Processing PersistenceUnitInfo [name: default]","logger":"org.hibernate.jpa.internal.util.LogHelper","thread":"main","level":"INFO","level_value":20000}
{"timestamp":"2025-06-01T00:49:56.980933-05:00","@version":"1","message":"HHH000412: Hibernate ORM core version 6.6.15.Final","logger":"org.hibernate.Version","thread":"main","level":"INFO","level_value":20000}
{"timestamp":"2025-06-01T00:49:57.1008574-05:00","@version":"1","message":"HHH000026: Second-level cache disabled","logger":"org.hibernate.cache.internal.RegionFactoryInitiator","thread":"main","level":"INFO","level_value":20000}
{"timestamp":"2025-06-01T00:49:57.970833-05:00","@version":"1","message":"No LoadTimeWeaver setup: ignoring JPA class transformer","logger":"org.springframework.orm.jpa.persistenceunit.SpringPersistenceUnitInfo","thread":"main","level":"INFO","level_value":20000}
{"timestamp":"2025-06-01T00:49:58.0877979-05:00","@version":"1","message":"HikariPool-1 - Starting...","logger":"com.zaxxer.hikari.HikariDataSource","thread":"main","level":"INFO","level_value":20000}
{"timestamp":"2025-06-01T00:49:58.5490294-05:00","@version":"1","message":"HikariPool-1 - Added connection org.postgresql.jdbc.PgConnection@5b0e5d5f","logger":"com.zaxxer.hikari.pool.HikariPool","thread":"main","level":"INFO","level_value":20000}
{"timestamp":"2025-06-01T00:49:58.553026-05:00","@version":"1","message":"HikariPool-1 - Start completed.","logger":"com.zaxxer.hikari.HikariDataSource","thread":"main","level":"INFO","level_value":20000}
{"timestamp":"2025-06-01T00:49:58.6309786-05:00","@version":"1","message":"HHH90000025: PostgreSQLDialect does not need to be specified explicitly using 'hibernate.dialect' (remove the property setting and it will be selected by default)","logger":"org.hibernate.orm.deprecation","thread":"main","level":"WARN","level_value":30000}
{"timestamp":"2025-06-01T00:49:58.6909406-05:00","@version":"1","message":"HHH10001005: Database info:\n\tDatabase JDBC URL [Connecting through datasource 'HikariDataSource (HikariPool-1)']\n\tDatabase driver: undefined/unknown\n\tDatabase version: 16.0\n\tAutocommit mode: undefined/unknown\n\tIsolation level: undefined/unknown\n\tMinimum pool size: undefined/unknown\n\tMaximum pool size: undefined/unknown","logger":"org.hibernate.orm.connections.pooling","thread":"main","level":"INFO","level_value":20000}
{"timestamp":"2025-06-01T00:50:01.4766732-05:00","@version":"1","message":"HHH000489: No JTA platform available (set 'hibernate.transaction.jta.platform' to enable JTA platform integration)","logger":"org.hibernate.engine.transaction.jta.platform.internal.JtaPlatformInitiator","thread":"main","level":"INFO","level_value":20000}
{"timestamp":"2025-06-01T00:50:01.5945995-05:00","@version":"1","message":"Initialized JPA EntityManagerFactory for persistence unit 'default'","logger":"org.springframework.orm.jpa.LocalContainerEntityManagerFactoryBean","thread":"main","level":"INFO","level_value":20000}
{"timestamp":"2025-06-01T00:50:02.8603322-05:00","@version":"1","message":"spring.jpa.open-in-view is enabled by default. Therefore, database queries may be performed during view rendering. Explicitly configure spring.jpa.open-in-view to disable this warning","logger":"org.springframework.boot.autoconfigure.orm.jpa.JpaBaseConfiguration$JpaWebConfiguration","thread":"main","level":"WARN","level_value":30000}
{"timestamp":"2025-06-01T00:50:02.9742628-05:00","@version":"1","message":"Failed to set up a Bean Validation provider: jakarta.validation.NoProviderFoundException: Unable to create a Configuration, because no Jakarta Bean Validation provider could be found. Add a provider like Hibernate Validator (RI) to your classpath.","logger":"org.springframework.validation.beanvalidation.OptionalValidatorFactoryBean","thread":"main","level":"INFO","level_value":20000}
{"timestamp":"2025-06-01T00:50:05.6682083-05:00","@version":"1","message":"Cannot determine local hostname","logger":"org.springframework.cloud.commons.util.InetUtils","thread":"main","level":"INFO","level_value":20000}
{"timestamp":"2025-06-01T00:50:05.7421699-05:00","@version":"1","message":"Exposing 16 endpoints beneath base path '/actuator'","logger":"org.springframework.boot.actuate.endpoint.web.EndpointLinksResolver","thread":"main","level":"INFO","level_value":20000}
{"timestamp":"2025-06-01T00:50:06.0420234-05:00","@version":"1","message":"Tomcat started on port 8082 (http) with context path '/'","logger":"org.springframework.boot.web.embedded.tomcat.TomcatWebServer","thread":"main","level":"INFO","level_value":20000}
{"timestamp":"2025-06-01T00:50:07.1940295-05:00","@version":"1","message":"Cannot determine local hostname","logger":"org.springframework.cloud.commons.util.InetUtils","thread":"main","level":"INFO","level_value":20000}
{"timestamp":"2025-06-01T00:50:07.2360034-05:00","@version":"1","message":"Started ProductServiceApplication in 20.557 seconds (process running for 22.26)","logger":"com.nicholassr.product_service.ProductServiceApplication","thread":"main","level":"INFO","level_value":20000}
{"timestamp":"2025-06-01T00:52:47.7381126-05:00","@version":"1","message":"Initializing Spring DispatcherServlet 'dispatcherServlet'","logger":"org.apache.catalina.core.ContainerBase.[Tomcat].[localhost].[/]","thread":"http-nio-8082-exec-1","level":"INFO","level_value":20000}
{"timestamp":"2025-06-01T00:52:47.7441089-05:00","@version":"1","message":"Initializing Servlet 'dispatcherServlet'","logger":"org.springframework.web.servlet.DispatcherServlet","thread":"http-nio-8082-exec-1","level":"INFO","level_value":20000}
{"timestamp":"2025-06-01T00:52:47.7481056-05:00","@version":"1","message":"Completed initialization in 3 ms","logger":"org.springframework.web.servlet.DispatcherServlet","thread":"http-nio-8082-exec-1","level":"INFO","level_value":20000}
{"timestamp":"2025-06-01T00:52:50.7197841-05:00","@version":"1","message":"Init duration for springdoc-openapi is: 1916 ms","logger":"org.springdoc.api.AbstractOpenApiResource","thread":"http-nio-8082-exec-10","level":"INFO","level_value":20000}
{"timestamp":"2025-06-01T00:56:35.4192425-05:00","@version":"1","message":"Commencing graceful shutdown. Waiting for active requests to complete","logger":"org.springframework.boot.web.embedded.tomcat.GracefulShutdown","thread":"SpringApplicationShutdownHook","level":"INFO","level_value":20000}
{"timestamp":"2025-06-01T00:56:35.587137-05:00","@version":"1","message":"Graceful shutdown complete","logger":"org.springframework.boot.web.embedded.tomcat.GracefulShutdown","thread":"tomcat-shutdown","level":"INFO","level_value":20000}
{"timestamp":"2025-06-01T00:56:35.5981318-05:00","@version":"1","message":"Closing JPA EntityManagerFactory for persistence unit 'default'","logger":"org.springframework.orm.jpa.LocalContainerEntityManagerFactoryBean","thread":"SpringApplicationShutdownHook","level":"INFO","level_value":20000}
{"timestamp":"2025-06-01T00:56:35.604127-05:00","@version":"1","message":"HikariPool-1 - Shutdown initiated...","logger":"com.zaxxer.hikari.HikariDataSource","thread":"SpringApplicationShutdownHook","level":"INFO","level_value":20000}
{"timestamp":"2025-06-01T00:56:35.6231157-05:00","@version":"1","message":"HikariPool-1 - Shutdown completed.","logger":"com.zaxxer.hikari.HikariDataSource","thread":"SpringApplicationShutdownHook","level":"INFO","level_value":20000}
